
════════════════════════════════════════
[PERFORMANCE] 2025-12-23 12:51:57
────────────────────────────────────────
Acción: Ver panel principal
Usuario: china
Ruta: GET /dashboard
Tiempo: 7804 ms

════════════════════════════════════════
[PERFORMANCE] 2025-12-23 12:52:09
────────────────────────────────────────
Acción: GET /api/carrito/ver
Usuario: china
Ruta: GET /api/carrito/ver
Tiempo: 0 ms

════════════════════════════════════════
[PERFORMANCE] 2025-12-23 12:52:10
────────────────────────────────────────
Acción: GET /favicon.ico
Usuario: china
Ruta: GET /favicon.ico
Tiempo: 572 ms

════════════════════════════════════════
[PERFORMANCE] 2025-12-23 13:20:15
────────────────────────────────────────
Acción: Ver panel principal
Usuario: china
Ruta: GET /dashboard
Tiempo: 361 ms

════════════════════════════════════════
[PERFORMANCE] 2025-12-23 13:20:20
────────────────────────────────────────
Acción: GET /favicon.ico
Usuario: china
Ruta: GET /favicon.ico
Tiempo: 33 ms

════════════════════════════════════════
[PERFORMANCE] 2025-12-23 13:20:20
────────────────────────────────────────
Acción: GET /api/carrito/ver
Usuario: china
Ruta: GET /api/carrito/ver
Tiempo: 0 ms

════════════════════════════════════════
[PERFORMANCE] 2025-12-23 13:20:32
────────────────────────────────────────
Acción: GET /stats/profit
Usuario: china
Ruta: GET /stats/profit
Tiempo: 3280 ms

════════════════════════════════════════
[PERFORMANCE] 2025-12-23 13:21:04
────────────────────────────────────────
Acción: GET /stats/profit
Usuario: china
Ruta: GET /stats/profit
Tiempo: 10 ms

════════════════════════════════════════
[PERFORMANCE] 2025-12-23 13:21:05
────────────────────────────────────────
Acción: GET /stats/profit
Usuario: china
Ruta: GET /stats/profit
Tiempo: 1 ms

════════════════════════════════════════
[PERFORMANCE] 2025-12-23 13:21:06
────────────────────────────────────────
Acción: GET /stats/profit
Usuario: china
Ruta: GET /stats/profit
Tiempo: 1 ms

════════════════════════════════════════
[PERFORMANCE] 2025-12-23 13:21:06
────────────────────────────────────────
Acción: GET /stats/profit
Usuario: china
Ruta: GET /stats/profit
Tiempo: 1 ms

════════════════════════════════════════
[PERFORMANCE] 2025-12-23 13:21:08
────────────────────────────────────────
Acción: GET /stats/profit
Usuario: china
Ruta: GET /stats/profit
Tiempo: 1 ms

════════════════════════════════════════
[PERFORMANCE] 2025-12-23 13:21:10
────────────────────────────────────────
Acción: GET /stats/profit
Usuario: china
Ruta: GET /stats/profit
Tiempo: 1 ms

════════════════════════════════════════
[PERFORMANCE] 2025-12-23 13:21:11
────────────────────────────────────────
Acción: GET /stats/profit
Usuario: china
Ruta: GET /stats/profit
Tiempo: 1 ms

════════════════════════════════════════
[PERFORMANCE] 2025-12-23 13:21:11
────────────────────────────────────────
Acción: GET /stats/profit
Usuario: china
Ruta: GET /stats/profit
Tiempo: 1 ms

════════════════════════════════════════
[PERFORMANCE] 2025-12-23 13:31:58
────────────────────────────────────────
Acción: Ver ventas
Usuario: china
Ruta: GET /sales
Tiempo: 888 ms

════════════════════════════════════════
[PERFORMANCE] 2025-12-23 15:33:01
────────────────────────────────────────
Acción: GET /
Usuario: anónimo
Ruta: GET /
Tiempo: 890 ms

════════════════════════════════════════
[PERFORMANCE] 2025-12-23 15:33:01
────────────────────────────────────────
Acción: GET /
Usuario: anónimo
Ruta: GET /
Tiempo: 173 ms

════════════════════════════════════════
[PERFORMANCE] 2025-12-23 15:33:02
────────────────────────────────────────
Acción: GET /
Usuario: anónimo
Ruta: GET /
Tiempo: 1 ms

════════════════════════════════════════
[PERFORMANCE] 2025-12-23 15:33:18
────────────────────────────────────────
Acción: GET /favicon.ico
Usuario: anónimo
Ruta: GET /favicon.ico
Tiempo: 777 ms

════════════════════════════════════════
[PERFORMANCE] 2025-12-23 15:33:26
────────────────────────────────────────
Acción: Iniciar sesión
Usuario: anónimo
Ruta: POST /
Tiempo: 13 ms

════════════════════════════════════════
[PERFORMANCE] 2025-12-23 15:33:26
────────────────────────────────────────
Acción: Ver panel principal
Usuario: anónimo
Ruta: GET /dashboard
Tiempo: 0 ms

════════════════════════════════════════
[PERFORMANCE] 2025-12-23 15:33:26
────────────────────────────────────────
Acción: GET /
Usuario: anónimo
Ruta: GET /
Tiempo: 0 ms

════════════════════════════════════════
[PERFORMANCE] 2025-12-23 15:33:33
────────────────────────────────────────
Acción: Iniciar sesión
Usuario: anónimo
Ruta: POST /
Tiempo: 0 ms

════════════════════════════════════════
[PERFORMANCE] 2025-12-23 15:33:33
────────────────────────────────────────
Acción: Ver panel principal
Usuario: anónimo
Ruta: GET /dashboard
Tiempo: 0 ms

════════════════════════════════════════
[PERFORMANCE] 2025-12-23 15:33:34
────────────────────────────────────────
Acción: GET /
Usuario: anónimo
Ruta: GET /
Tiempo: 1 ms

════════════════════════════════════════
[PERFORMANCE] 2025-12-23 15:33:50
────────────────────────────────────────
Acción: Iniciar sesión
Usuario: anónimo
Ruta: POST /
Tiempo: 0 ms

════════════════════════════════════════
[PERFORMANCE] 2025-12-23 15:33:50
────────────────────────────────────────
Acción: Ver panel principal
Usuario: anónimo
Ruta: GET /dashboard
Tiempo: 0 ms

════════════════════════════════════════
[PERFORMANCE] 2025-12-23 15:33:50
────────────────────────────────────────
Acción: GET /
Usuario: anónimo
Ruta: GET /
Tiempo: 1 ms

════════════════════════════════════════
[PERFORMANCE] 2025-12-23 15:34:00
────────────────────────────────────────
Acción: Iniciar sesión
Usuario: anónimo
Ruta: POST /
Tiempo: 0 ms

════════════════════════════════════════
[PERFORMANCE] 2025-12-23 15:34:00
────────────────────────────────────────
Acción: Ver panel principal
Usuario: anónimo
Ruta: GET /dashboard
Tiempo: 0 ms

════════════════════════════════════════
[PERFORMANCE] 2025-12-23 15:34:00
────────────────────────────────────────
Acción: GET /
Usuario: anónimo
Ruta: GET /
Tiempo: 0 ms

════════════════════════════════════════
[PERFORMANCE] 2025-12-23 15:34:03
────────────────────────────────────────
Acción: GET /
Usuario: anónimo
Ruta: GET /
Tiempo: 0 ms

════════════════════════════════════════
[PERFORMANCE] 2025-12-23 15:34:10
────────────────────────────────────────
Acción: Iniciar sesión
Usuario: anónimo
Ruta: POST /
Tiempo: 0 ms

════════════════════════════════════════
[PERFORMANCE] 2025-12-23 15:34:10
────────────────────────────────────────
Acción: Ver panel principal
Usuario: anónimo
Ruta: GET /dashboard
Tiempo: 0 ms

════════════════════════════════════════
[PERFORMANCE] 2025-12-23 15:34:10
────────────────────────────────────────
Acción: GET /
Usuario: anónimo
Ruta: GET /
Tiempo: 0 ms

════════════════════════════════════════
[PERFORMANCE] 2025-12-23 15:41:37
────────────────────────────────────────
Acción: GET /
Usuario: anónimo
Ruta: GET /
Tiempo: 97 ms

════════════════════════════════════════
[PERFORMANCE] 2025-12-23 15:41:52
────────────────────────────────────────
Acción: Iniciar sesión
Usuario: anónimo
Ruta: POST /
Tiempo: 570 ms

════════════════════════════════════════
[PERFORMANCE] 2025-12-23 15:41:52
────────────────────────────────────────
Acción: GET /
Usuario: anónimo
Ruta: GET /
Tiempo: 0 ms

════════════════════════════════════════
[PERFORMANCE] 2025-12-23 15:42:00
────────────────────────────────────────
Acción: Iniciar sesión
Usuario: anónimo
Ruta: POST /
Tiempo: 74 ms

════════════════════════════════════════
[PERFORMANCE] 2025-12-23 15:42:01
────────────────────────────────────────
Acción: GET /
Usuario: anónimo
Ruta: GET /
Tiempo: 0 ms

════════════════════════════════════════
[PERFORMANCE] 2025-12-23 15:43:07
────────────────────────────────────────
Acción: Iniciar sesión
Usuario: admin
Ruta: POST /
Tiempo: 4222 ms

════════════════════════════════════════
[PERFORMANCE] 2025-12-23 15:43:19
────────────────────────────────────────
Acción: GET /
Usuario: admin
Ruta: GET /
Tiempo: 114 ms

════════════════════════════════════════
[PERFORMANCE] 2025-12-23 15:43:26
────────────────────────────────────────
Acción: Iniciar sesión
Usuario: admin
Ruta: POST /
Tiempo: 85 ms

════════════════════════════════════════
[PERFORMANCE] 2025-12-23 15:43:42
────────────────────────────────────────
Acción: Ver panel principal
Usuario: admin
Ruta: GET /dashboard
Tiempo: 33179 ms

════════════════════════════════════════
[PERFORMANCE] 2025-12-23 15:43:42
────────────────────────────────────────
Acción: Ver panel principal
Usuario: admin
Ruta: GET /dashboard
Tiempo: 16231 ms

════════════════════════════════════════
[PERFORMANCE] 2025-12-23 15:43:50
────────────────────────────────────────
Acción: Ver panel principal
Usuario: admin
Ruta: GET /dashboard
Tiempo: 18 ms

════════════════════════════════════════
[PERFORMANCE] 2025-12-23 15:43:52
────────────────────────────────────────
Acción: Ver panel principal
Usuario: admin
Ruta: GET /dashboard
Tiempo: 15 ms

════════════════════════════════════════
[PERFORMANCE] 2025-12-23 15:43:55
────────────────────────────────────────
Acción: Ver panel principal
Usuario: admin
Ruta: GET /dashboard
Tiempo: 18 ms

════════════════════════════════════════
[PERFORMANCE] 2025-12-23 15:43:57
────────────────────────────────────────
Acción: Ver panel principal
Usuario: admin
Ruta: GET /dashboard
Tiempo: 5 ms

════════════════════════════════════════
[PERFORMANCE] 2025-12-23 15:44:02
────────────────────────────────────────
Acción: GET /
Usuario: admin
Ruta: GET /
Tiempo: 0 ms

════════════════════════════════════════
[PERFORMANCE] 2025-12-23 15:44:11
────────────────────────────────────────
Acción: Ver panel principal
Usuario: china
Ruta: GET /dashboard
Tiempo: 7 ms

════════════════════════════════════════
[PERFORMANCE] 2025-12-23 15:44:13
────────────────────────────────────────
Acción: Ver panel principal
Usuario: china
Ruta: GET /dashboard
Tiempo: 6 ms

════════════════════════════════════════
[PERFORMANCE] 2025-12-23 15:44:14
────────────────────────────────────────
Acción: Ver panel principal
Usuario: china
Ruta: GET /dashboard
Tiempo: 9 ms

════════════════════════════════════════
[PERFORMANCE] 2025-12-23 15:44:14
────────────────────────────────────────
Acción: Ver panel principal
Usuario: china
Ruta: GET /dashboard
Tiempo: 6 ms

════════════════════════════════════════
[PERFORMANCE] 2025-12-23 15:44:14
────────────────────────────────────────
Acción: Ver panel principal
Usuario: china
Ruta: GET /dashboard
Tiempo: 10 ms

════════════════════════════════════════
[PERFORMANCE] 2025-12-23 15:44:14
────────────────────────────────────────
Acción: Ver panel principal
Usuario: china
Ruta: GET /dashboard
Tiempo: 5 ms

════════════════════════════════════════
[PERFORMANCE] 2025-12-23 15:44:20
────────────────────────────────────────
Acción: Iniciar sesión
Usuario: china
Ruta: POST /
Tiempo: 97 ms

════════════════════════════════════════
[PERFORMANCE] 2025-12-23 15:44:20
────────────────────────────────────────
Acción: Ver panel principal
Usuario: china
Ruta: GET /dashboard
Tiempo: 15 ms

════════════════════════════════════════
[PERFORMANCE] 2025-12-23 15:44:22
────────────────────────────────────────
Acción: Iniciar sesión
Usuario: china
Ruta: POST /
Tiempo: 73 ms

════════════════════════════════════════
[PERFORMANCE] 2025-12-23 15:44:22
────────────────────────────────────────
Acción: Ver panel principal
Usuario: china
Ruta: GET /dashboard
Tiempo: 5 ms

════════════════════════════════════════
[PERFORMANCE] 2025-12-23 15:44:26
────────────────────────────────────────
Acción: Ver panel principal
Usuario: china
Ruta: GET /dashboard
Tiempo: 8 ms

════════════════════════════════════════
[PERFORMANCE] 2025-12-23 15:46:36
────────────────────────────────────────
Acción: Ver panel principal
Usuario: china
Ruta: GET /dashboard
Tiempo: 75 ms

════════════════════════════════════════
[PERFORMANCE] 2025-12-23 15:46:38
────────────────────────────────────────
Acción: Ver panel principal
Usuario: china
Ruta: GET /dashboard
Tiempo: 18 ms

════════════════════════════════════════
[PERFORMANCE] 2025-12-23 15:49:09
────────────────────────────────────────
Acción: Ver panel principal
Usuario: china
Ruta: GET /dashboard
Tiempo: 7 ms

════════════════════════════════════════
[PERFORMANCE] 2025-12-23 15:49:11
────────────────────────────────────────
Acción: Ver panel principal
Usuario: china
Ruta: GET /dashboard
Tiempo: 5 ms

════════════════════════════════════════
[PERFORMANCE] 2025-12-23 15:49:13
────────────────────────────────────────
Acción: Ver panel principal
Usuario: china
Ruta: GET /dashboard
Tiempo: 5 ms

════════════════════════════════════════
[PERFORMANCE] 2025-12-23 15:49:15
────────────────────────────────────────
Acción: Ver panel principal
Usuario: china
Ruta: GET /dashboard
Tiempo: 14 ms

════════════════════════════════════════
[PERFORMANCE] 2025-12-23 15:49:16
────────────────────────────────────────
Acción: Ver panel principal
Usuario: china
Ruta: GET /dashboard
Tiempo: 11 ms

════════════════════════════════════════
[PERFORMANCE] 2025-12-23 15:49:17
────────────────────────────────────────
Acción: Ver panel principal
Usuario: china
Ruta: GET /dashboard
Tiempo: 8 ms

════════════════════════════════════════
[PERFORMANCE] 2025-12-23 15:49:24
────────────────────────────────────────
Acción: Ver panel principal
Usuario: china
Ruta: GET /dashboard
Tiempo: 6 ms

════════════════════════════════════════
[PERFORMANCE] 2025-12-23 15:49:29
────────────────────────────────────────
Acción: GET /
Usuario: china
Ruta: GET /
Tiempo: 179 ms

════════════════════════════════════════
[PERFORMANCE] 2025-12-23 15:49:36
────────────────────────────────────────
Acción: Iniciar sesión
Usuario: admin
Ruta: POST /
Tiempo: 358 ms

════════════════════════════════════════
[PERFORMANCE] 2025-12-23 15:49:37
────────────────────────────────────────
Acción: Ver panel principal
Usuario: admin
Ruta: GET /dashboard
Tiempo: 18 ms

════════════════════════════════════════
[PERFORMANCE] 2025-12-23 15:49:40
────────────────────────────────────────
Acción: Ver panel principal
Usuario: admin
Ruta: GET /dashboard
Tiempo: 7 ms

════════════════════════════════════════
[PERFORMANCE] 2025-12-23 15:49:44
────────────────────────────────────────
Acción: Iniciar sesión
Usuario: admin
Ruta: POST /
Tiempo: 74 ms

════════════════════════════════════════
[PERFORMANCE] 2025-12-23 15:49:44
────────────────────────────────────────
Acción: Ver panel principal
Usuario: admin
Ruta: GET /dashboard
Tiempo: 5 ms

════════════════════════════════════════
[PERFORMANCE] 2025-12-23 15:54:50
────────────────────────────────────────
Acción: Ver panel principal
Usuario: admin
Ruta: GET /dashboard
Tiempo: 653 ms

════════════════════════════════════════
[PERFORMANCE] 2025-12-23 15:54:52
────────────────────────────────────────
Acción: Ver panel principal
Usuario: admin
Ruta: GET /dashboard
Tiempo: 4 ms

════════════════════════════════════════
[PERFORMANCE] 2025-12-23 15:54:54
────────────────────────────────────────
Acción: Ver panel principal
Usuario: admin
Ruta: GET /dashboard
Tiempo: 506 ms

════════════════════════════════════════
[PERFORMANCE] 2025-12-23 15:54:55
────────────────────────────────────────
Acción: GET /
Usuario: admin
Ruta: GET /
Tiempo: 38 ms

════════════════════════════════════════
[PERFORMANCE] 2025-12-23 15:54:57
────────────────────────────────────────
Acción: GET /
Usuario: admin
Ruta: GET /
Tiempo: 0 ms

════════════════════════════════════════
[PERFORMANCE] 2025-12-23 15:55:04
────────────────────────────────────────
Acción: Iniciar sesión
Usuario: admin
Ruta: POST /
Tiempo: 155 ms

════════════════════════════════════════
[PERFORMANCE] 2025-12-23 15:55:04
────────────────────────────────────────
Acción: Ver panel principal
Usuario: admin
Ruta: GET /dashboard
Tiempo: 18 ms

════════════════════════════════════════
[PERFORMANCE] 2025-12-23 15:59:21
────────────────────────────────────────
Acción: Ver panel principal
Usuario: admin
Ruta: GET /dashboard
Tiempo: 19922 ms

════════════════════════════════════════
[PERFORMANCE] 2025-12-23 15:59:21
────────────────────────────────────────
Acción: Ver panel principal
Usuario: admin
Ruta: GET /dashboard
Tiempo: 19936 ms

════════════════════════════════════════
[PERFORMANCE] 2025-12-23 15:59:58
────────────────────────────────────────
Acción: Ver panel principal
Usuario: admin
Ruta: GET /dashboard
Tiempo: 92 ms

════════════════════════════════════════
[PERFORMANCE] 2025-12-23 15:59:59
────────────────────────────────────────
Acción: GET /api/carrito/ver
Usuario: admin
Ruta: GET /api/carrito/ver
Tiempo: 0 ms

════════════════════════════════════════
[PERFORMANCE] 2025-12-23 16:00:07
────────────────────────────────────────
Acción: Ver configuración
Usuario: admin
Ruta: GET /settings
Tiempo: 205 ms

════════════════════════════════════════
[PERFORMANCE] 2025-12-23 16:01:09
────────────────────────────────────────
Acción: GET /
Usuario: anónimo
Ruta: GET /
Tiempo: 537 ms

════════════════════════════════════════
[PERFORMANCE] 2025-12-23 16:01:10
────────────────────────────────────────
Acción: GET /favicon.ico
Usuario: anónimo
Ruta: GET /favicon.ico
Tiempo: 27 ms

════════════════════════════════════════
[PERFORMANCE] 2025-12-23 16:01:17
────────────────────────────────────────
Acción: Iniciar sesión
Usuario: china
Ruta: POST /
Tiempo: 352 ms

════════════════════════════════════════
[PERFORMANCE] 2025-12-23 16:01:17
────────────────────────────────────────
Acción: Ver panel principal
Usuario: china
Ruta: GET /dashboard
Tiempo: 1 ms

════════════════════════════════════════
[PERFORMANCE] 2025-12-23 16:01:18
────────────────────────────────────────
Acción: GET /api/carrito/ver
Usuario: china
Ruta: GET /api/carrito/ver
Tiempo: 0 ms

════════════════════════════════════════
[PERFORMANCE] 2025-12-23 16:01:33
────────────────────────────────────────
Acción: GET /china
Usuario: china
Ruta: GET /china
Tiempo: 61 ms

════════════════════════════════════════
[PERFORMANCE] 2025-12-23 16:01:35
────────────────────────────────────────
Acción: Ver panel principal
Usuario: china
Ruta: GET /dashboard
Tiempo: 1 ms

════════════════════════════════════════
[PERFORMANCE] 2025-12-23 16:01:36
────────────────────────────────────────
Acción: GET /api/carrito/ver
Usuario: china
Ruta: GET /api/carrito/ver
Tiempo: 0 ms

════════════════════════════════════════
[PERFORMANCE] 2025-12-23 16:01:45
────────────────────────────────────────
Acción: GET /stats/profit
Usuario: china
Ruta: GET /stats/profit
Tiempo: 154 ms

════════════════════════════════════════
[PERFORMANCE] 2025-12-23 16:01:49
────────────────────────────────────────
Acción: GET /stats/profit
Usuario: china
Ruta: GET /stats/profit
Tiempo: 3 ms

════════════════════════════════════════
[PERFORMANCE] 2025-12-23 16:01:55
────────────────────────────────────────
Acción: Obtener producto
Usuario: china
Ruta: GET /api/product/1
Tiempo: 0 ms

════════════════════════════════════════
[PERFORMANCE] 2025-12-23 17:27:20
────────────────────────────────────────
Acción: Ver ventas
Usuario: admin
Ruta: GET /sales
Tiempo: 1758 ms

════════════════════════════════════════
[PERFORMANCE] 2025-12-23 17:27:33
────────────────────────────────────────
Acción: Ver panel principal
Usuario: admin
Ruta: GET /dashboard
Tiempo: 4 ms

════════════════════════════════════════
[PERFORMANCE] 2025-12-23 17:27:34
────────────────────────────────────────
Acción: GET /api/carrito/ver
Usuario: admin
Ruta: GET /api/carrito/ver
Tiempo: 1 ms

════════════════════════════════════════
[PERFORMANCE] 2025-12-23 17:27:38
────────────────────────────────────────
Acción: Ver estadísticas
Usuario: admin
Ruta: GET /sales/stats
Tiempo: 901 ms

════════════════════════════════════════
[PERFORMANCE] 2025-12-23 17:27:44
────────────────────────────────────────
Acción: Ver panel principal
Usuario: admin
Ruta: GET /dashboard
Tiempo: 1 ms

════════════════════════════════════════
[PERFORMANCE] 2025-12-23 17:27:45
────────────────────────────────────────
Acción: GET /api/carrito/ver
Usuario: admin
Ruta: GET /api/carrito/ver
Tiempo: 0 ms

════════════════════════════════════════
[PERFORMANCE] 2025-12-23 17:35:05
────────────────────────────────────────
Acción: GET /
Usuario: admin
Ruta: GET /
Tiempo: 99 ms

════════════════════════════════════════
[PERFORMANCE] 2025-12-23 17:35:13
────────────────────────────────────────
Acción: Iniciar sesión
Usuario: china
Ruta: POST /
Tiempo: 1368 ms

════════════════════════════════════════
[PERFORMANCE] 2025-12-23 17:35:14
────────────────────────────────────────
Acción: Ver panel principal
Usuario: china
Ruta: GET /dashboard
Tiempo: 4 ms

════════════════════════════════════════
[PERFORMANCE] 2025-12-23 17:35:14
────────────────────────────────────────
Acción: GET /api/carrito/ver
Usuario: china
Ruta: GET /api/carrito/ver
Tiempo: 0 ms

════════════════════════════════════════
[PERFORMANCE] 2025-12-23 17:35:23
────────────────────────────────────────
Acción: Ver ventas
Usuario: china
Ruta: GET /sales
Tiempo: 126 ms

════════════════════════════════════════
[PERFORMANCE] 2025-12-23 17:35:32
────────────────────────────────────────
Acción: Ver panel principal
Usuario: china
Ruta: GET /dashboard
Tiempo: 3 ms

════════════════════════════════════════
[PERFORMANCE] 2025-12-23 17:35:32
────────────────────────────────────────
Acción: GET /api/carrito/ver
Usuario: china
Ruta: GET /api/carrito/ver
Tiempo: 0 ms

════════════════════════════════════════
[PERFORMANCE] 2025-12-23 17:35:39
────────────────────────────────────────
Acción: Ver estadísticas
Usuario: china
Ruta: GET /sales/stats
Tiempo: 78 ms

════════════════════════════════════════
[PERFORMANCE] 2025-12-23 17:35:40
────────────────────────────────────────
Acción: Ver panel principal
Usuario: china
Ruta: GET /dashboard
Tiempo: 1 ms

════════════════════════════════════════
[PERFORMANCE] 2025-12-23 17:35:40
────────────────────────────────────────
Acción: GET /api/carrito/ver
Usuario: china
Ruta: GET /api/carrito/ver
Tiempo: 0 ms

════════════════════════════════════════
[PERFORMANCE] 2025-12-23 17:35:42
────────────────────────────────────────
Acción: GET /stats/profit
Usuario: china
Ruta: GET /stats/profit
Tiempo: 62 ms

════════════════════════════════════════
[PERFORMANCE] 2025-12-23 17:35:44
────────────────────────────────────────
Acción: Ver ventas
Usuario: china
Ruta: GET /sales
Tiempo: 13 ms

════════════════════════════════════════
[PERFORMANCE] 2025-12-23 17:38:44
────────────────────────────────────────
Acción: Ver panel principal
Usuario: china
Ruta: GET /dashboard
Tiempo: 3 ms

════════════════════════════════════════
[PERFORMANCE] 2025-12-23 17:38:44
────────────────────────────────────────
Acción: GET /api/carrito/ver
Usuario: china
Ruta: GET /api/carrito/ver
Tiempo: 0 ms

════════════════════════════════════════
[PERFORMANCE] 2025-12-23 17:38:45
────────────────────────────────────────
Acción: Obtener producto
Usuario: china
Ruta: GET /api/product/1
Tiempo: 0 ms

════════════════════════════════════════
[PERFORMANCE] 2025-12-23 17:38:48
────────────────────────────────────────
Acción: Agregar al carrito
Usuario: china
Ruta: POST /api/carrito/agregar
Tiempo: 35 ms

════════════════════════════════════════
[PERFORMANCE] 2025-12-23 17:38:48
────────────────────────────────────────
Acción: GET /api/carrito/ver
Usuario: china
Ruta: GET /api/carrito/ver
Tiempo: 0 ms

════════════════════════════════════════
[PERFORMANCE] 2025-12-23 17:38:54
────────────────────────────────────────
Acción: GET /api/carrito/ver
Usuario: china
Ruta: GET /api/carrito/ver
Tiempo: 0 ms

════════════════════════════════════════
[PERFORMANCE] 2025-12-23 18:02:40
────────────────────────────────────────
Acción: Ver panel principal
Usuario: china
Ruta: GET /dashboard
Tiempo: 491 ms

════════════════════════════════════════
[PERFORMANCE] 2025-12-23 18:02:42
────────────────────────────────────────
Acción: GET /api/carrito/ver
Usuario: china
Ruta: GET /api/carrito/ver
Tiempo: 0 ms

════════════════════════════════════════
[PERFORMANCE] 2025-12-23 18:03:21
────────────────────────────────────────
Acción: Ver ventas
Usuario: china
Ruta: GET /sales
Tiempo: 28908 ms

════════════════════════════════════════
[PERFORMANCE] 2025-12-23 18:04:06
────────────────────────────────────────
Acción: GET /
Usuario: china
Ruta: GET /
Tiempo: 39567 ms

════════════════════════════════════════
[PERFORMANCE] 2025-12-23 18:04:06
────────────────────────────────────────
Acción: GET /
Usuario: china
Ruta: GET /
Tiempo: 46079 ms

════════════════════════════════════════
[PERFORMANCE] 2025-12-23 18:07:55
────────────────────────────────────────
Acción: GET /
Usuario: china
Ruta: GET /
Tiempo: 521 ms

════════════════════════════════════════
[PERFORMANCE] 2025-12-23 18:08:03
────────────────────────────────────────
Acción: Iniciar sesión
Usuario: china
Ruta: POST /
Tiempo: 1582 ms

════════════════════════════════════════
[PERFORMANCE] 2025-12-23 18:08:03
────────────────────────────────────────
Acción: Ver panel principal
Usuario: china
Ruta: GET /dashboard
Tiempo: 4 ms

════════════════════════════════════════
[PERFORMANCE] 2025-12-23 18:08:03
────────────────────────────────────────
Acción: GET /api/carrito/ver
Usuario: china
Ruta: GET /api/carrito/ver
Tiempo: 0 ms

════════════════════════════════════════
[PERFORMANCE] 2025-12-23 18:08:14
────────────────────────────────────────
Acción: Ver ventas
Usuario: china
Ruta: GET /sales
Tiempo: 6 ms

════════════════════════════════════════
[PERFORMANCE] 2025-12-23 18:08:17
────────────────────────────────────────
Acción: GET /china
Usuario: china
Ruta: GET /china
Tiempo: 7992 ms

════════════════════════════════════════
[PERFORMANCE] 2025-12-23 18:25:44
────────────────────────────────────────
Acción: Ver ventas
Usuario: china
Ruta: GET /sales
Tiempo: 78 ms

════════════════════════════════════════
[PERFORMANCE] 2025-12-23 18:25:53
────────────────────────────────────────
Acción: Ver ventas
Usuario: china
Ruta: GET /sales
Tiempo: 10 ms

════════════════════════════════════════
[PERFORMANCE] 2025-12-23 18:25:55
────────────────────────────────────────
Acción: Ver boleta
Usuario: china
Ruta: GET /receipt/R0074
Tiempo: 4646 ms

════════════════════════════════════════
[PERFORMANCE] 2025-12-23 18:25:58
────────────────────────────────────────
Acción: GET /
Usuario: china
Ruta: GET /
Tiempo: 0 ms

════════════════════════════════════════
[PERFORMANCE] 2025-12-23 18:27:41
────────────────────────────────────────
Acción: Iniciar sesión
Usuario: china
Ruta: POST /
Tiempo: 692 ms

════════════════════════════════════════
[PERFORMANCE] 2025-12-23 18:27:43
────────────────────────────────────────
Acción: Ver panel principal
Usuario: china
Ruta: GET /dashboard
Tiempo: 112 ms

════════════════════════════════════════
[PERFORMANCE] 2025-12-23 18:27:43
────────────────────────────────────────
Acción: GET /api/carrito/ver
Usuario: china
Ruta: GET /api/carrito/ver
Tiempo: 177 ms

════════════════════════════════════════
[PERFORMANCE] 2025-12-23 18:27:49
────────────────────────────────────────
Acción: Ver ventas
Usuario: china
Ruta: GET /sales
Tiempo: 6 ms

════════════════════════════════════════
[PERFORMANCE] 2025-12-23 18:27:52
────────────────────────────────────────
Acción: Ver boleta
Usuario: china
Ruta: GET /receipt/R0074
Tiempo: 2 ms

════════════════════════════════════════
[PERFORMANCE] 2025-12-23 18:28:02
────────────────────────────────────────
Acción: Ver panel principal
Usuario: china
Ruta: GET /dashboard
Tiempo: 4 ms

════════════════════════════════════════
[PERFORMANCE] 2025-12-23 18:28:02
────────────────────────────────────────
Acción: GET /api/carrito/ver
Usuario: china
Ruta: GET /api/carrito/ver
Tiempo: 0 ms

════════════════════════════════════════
[PERFORMANCE] 2025-12-23 18:28:05
────────────────────────────────────────
Acción: Ver ventas
Usuario: china
Ruta: GET /sales
Tiempo: 4 ms

════════════════════════════════════════
[PERFORMANCE] 2025-12-23 18:28:16
────────────────────────────────────────
Acción: Ver boleta
Usuario: china
Ruta: GET /receipt/R0068
Tiempo: 2 ms

════════════════════════════════════════
[PERFORMANCE] 2025-12-23 18:28:18
────────────────────────────────────────
Acción: Ver panel principal
Usuario: china
Ruta: GET /dashboard
Tiempo: 2 ms

════════════════════════════════════════
[PERFORMANCE] 2025-12-23 18:28:19
────────────────────────────────────────
Acción: GET /api/carrito/ver
Usuario: china
Ruta: GET /api/carrito/ver
Tiempo: 0 ms

════════════════════════════════════════
[PERFORMANCE] 2025-12-23 18:28:20
────────────────────────────────────────
Acción: Ver ventas
Usuario: china
Ruta: GET /sales
Tiempo: 3 ms

════════════════════════════════════════
[PERFORMANCE] 2025-12-23 18:39:11
────────────────────────────────────────
Acción: Ver ventas
Usuario: china
Ruta: GET /sales
Tiempo: 28 ms

════════════════════════════════════════
[PERFORMANCE] 2025-12-23 18:39:14
────────────────────────────────────────
Acción: GET /
Usuario: china
Ruta: GET /
Tiempo: 0 ms

════════════════════════════════════════
[PERFORMANCE] 2025-12-23 18:39:20
────────────────────────────────────────
Acción: Iniciar sesión
Usuario: china
Ruta: POST /
Tiempo: 78 ms

════════════════════════════════════════
[PERFORMANCE] 2025-12-23 18:39:21
────────────────────────────────────────
Acción: Ver panel principal
Usuario: china
Ruta: GET /dashboard
Tiempo: 15 ms

════════════════════════════════════════
[PERFORMANCE] 2025-12-23 18:39:21
────────────────────────────────────────
Acción: GET /api/carrito/ver
Usuario: china
Ruta: GET /api/carrito/ver
Tiempo: 0 ms

════════════════════════════════════════
[PERFORMANCE] 2025-12-23 18:39:27
────────────────────────────────────────
Acción: Ver ventas
Usuario: china
Ruta: GET /sales
Tiempo: 5 ms

════════════════════════════════════════
[PERFORMANCE] 2025-12-23 18:42:00
────────────────────────────────────────
Acción: Ver ventas
Usuario: china
Ruta: GET /sales
Tiempo: 15 ms

════════════════════════════════════════
[PERFORMANCE] 2025-12-23 18:42:09
────────────────────────────────────────
Acción: Ver ventas
Usuario: china
Ruta: GET /sales
Tiempo: 359 ms

════════════════════════════════════════
[PERFORMANCE] 2025-12-23 18:42:13
────────────────────────────────────────
Acción: Ver ventas
Usuario: china
Ruta: GET /sales
Tiempo: 25 ms

════════════════════════════════════════
[PERFORMANCE] 2025-12-23 18:42:38
────────────────────────────────────────
Acción: Ver panel principal
Usuario: china
Ruta: GET /dashboard
Tiempo: 1 ms

════════════════════════════════════════
[PERFORMANCE] 2025-12-23 18:42:39
────────────────────────────────────────
Acción: GET /api/carrito/ver
Usuario: china
Ruta: GET /api/carrito/ver
Tiempo: 0 ms

════════════════════════════════════════
[PERFORMANCE] 2025-12-23 18:42:40
────────────────────────────────────────
Acción: Ver panel principal
Usuario: china
Ruta: GET /dashboard
Tiempo: 1 ms

════════════════════════════════════════
[PERFORMANCE] 2025-12-23 18:42:40
────────────────────────────────────────
Acción: GET /api/carrito/ver
Usuario: china
Ruta: GET /api/carrito/ver
Tiempo: 0 ms

════════════════════════════════════════
[PERFORMANCE] 2025-12-23 18:46:48
────────────────────────────────────────
Acción: Ver panel principal
Usuario: china
Ruta: GET /dashboard
Tiempo: 3 ms

════════════════════════════════════════
[PERFORMANCE] 2025-12-23 18:46:48
────────────────────────────────────────
Acción: GET /api/carrito/ver
Usuario: china
Ruta: GET /api/carrito/ver
Tiempo: 0 ms

════════════════════════════════════════
[PERFORMANCE] 2025-12-23 18:46:50
────────────────────────────────────────
Acción: Ver panel principal
Usuario: china
Ruta: GET /dashboard
Tiempo: 1 ms

════════════════════════════════════════
[PERFORMANCE] 2025-12-23 18:46:50
────────────────────────────────────────
Acción: GET /api/carrito/ver
Usuario: china
Ruta: GET /api/carrito/ver
Tiempo: 0 ms

════════════════════════════════════════
[PERFORMANCE] 2025-12-23 18:46:52
────────────────────────────────────────
Acción: Ver ventas
Usuario: china
Ruta: GET /sales
Tiempo: 85 ms

════════════════════════════════════════
[PERFORMANCE] 2025-12-23 18:46:55
────────────────────────────────────────
Acción: Ver boleta
Usuario: china
Ruta: GET /receipt/R0074
Tiempo: 13 ms

════════════════════════════════════════
[PERFORMANCE] 2025-12-23 18:46:58
────────────────────────────────────────
Acción: Ver ventas
Usuario: china
Ruta: GET /sales
Tiempo: 6 ms

════════════════════════════════════════
[PERFORMANCE] 2025-12-23 18:48:34
────────────────────────────────────────
Acción: Ver ventas
Usuario: china
Ruta: GET /sales
Tiempo: 10 ms

════════════════════════════════════════
[PERFORMANCE] 2025-12-23 18:48:36
────────────────────────────────────────
Acción: Ver panel principal
Usuario: china
Ruta: GET /dashboard
Tiempo: 3 ms

════════════════════════════════════════
[PERFORMANCE] 2025-12-23 18:48:37
────────────────────────────────────────
Acción: GET /api/carrito/ver
Usuario: china
Ruta: GET /api/carrito/ver
Tiempo: 0 ms

════════════════════════════════════════
[PERFORMANCE] 2025-12-23 18:56:51
────────────────────────────────────────
Acción: Ver panel principal
Usuario: china
Ruta: GET /dashboard
Tiempo: 4 ms

════════════════════════════════════════
[PERFORMANCE] 2025-12-23 18:56:52
────────────────────────────────────────
Acción: GET /api/carrito/ver
Usuario: china
Ruta: GET /api/carrito/ver
Tiempo: 1 ms

════════════════════════════════════════
[PERFORMANCE] 2025-12-23 18:56:54
────────────────────────────────────────
Acción: Ver ventas
Usuario: china
Ruta: GET /sales
Tiempo: 78 ms

════════════════════════════════════════
[PERFORMANCE] 2025-12-23 18:56:57
────────────────────────────────────────
Acción: Ver panel principal
Usuario: china
Ruta: GET /dashboard
Tiempo: 5 ms

════════════════════════════════════════
[PERFORMANCE] 2025-12-23 18:56:57
────────────────────────────────────────
Acción: GET /api/carrito/ver
Usuario: china
Ruta: GET /api/carrito/ver
Tiempo: 0 ms

════════════════════════════════════════
[PERFORMANCE] 2025-12-23 18:57:07
────────────────────────────────────────
Acción: Ver panel principal
Usuario: china
Ruta: GET /dashboard
Tiempo: 4 ms

════════════════════════════════════════
[PERFORMANCE] 2025-12-23 18:57:07
────────────────────────────────────────
Acción: GET /api/carrito/ver
Usuario: china
Ruta: GET /api/carrito/ver
Tiempo: 0 ms

════════════════════════════════════════
[PERFORMANCE] 2025-12-23 18:57:13
────────────────────────────────────────
Acción: Ver ventas
Usuario: china
Ruta: GET /sales
Tiempo: 21 ms

════════════════════════════════════════
[PERFORMANCE] 2025-12-23 18:57:32
────────────────────────────────────────
Acción: Ver ventas
Usuario: china
Ruta: GET /sales
Tiempo: 4 ms

════════════════════════════════════════
[PERFORMANCE] 2025-12-23 18:57:33
────────────────────────────────────────
Acción: Ver ventas
Usuario: china
Ruta: GET /sales
Tiempo: 39 ms

════════════════════════════════════════
[PERFORMANCE] 2025-12-23 18:57:35
────────────────────────────────────────
Acción: Ver ventas
Usuario: china
Ruta: GET /sales
Tiempo: 26 ms

════════════════════════════════════════
[PERFORMANCE] 2025-12-23 18:57:42
────────────────────────────────────────
Acción: Ver panel principal
Usuario: anónimo
Ruta: GET /dashboard
Tiempo: 1 ms

════════════════════════════════════════
[PERFORMANCE] 2025-12-23 18:57:42
────────────────────────────────────────
Acción: GET /
Usuario: anónimo
Ruta: GET /
Tiempo: 167 ms

════════════════════════════════════════
[PERFORMANCE] 2025-12-23 18:57:45
────────────────────────────────────────
Acción: GET /
Usuario: anónimo
Ruta: GET /
Tiempo: 1 ms

════════════════════════════════════════
[PERFORMANCE] 2025-12-23 18:57:47
────────────────────────────────────────
Acción: GET /
Usuario: anónimo
Ruta: GET /
Tiempo: 1 ms

════════════════════════════════════════
[PERFORMANCE] 2025-12-23 19:02:35
────────────────────────────────────────
Acción: GET /
Usuario: anónimo
Ruta: GET /
Tiempo: 181 ms

════════════════════════════════════════
[PERFORMANCE] 2025-12-23 19:02:45
────────────────────────────────────────
Acción: Iniciar sesión
Usuario: anónimo
Ruta: POST /
Tiempo: 197 ms

════════════════════════════════════════
[PERFORMANCE] 2025-12-23 19:02:45
────────────────────────────────────────
Acción: GET /
Usuario: anónimo
Ruta: GET /
Tiempo: 0 ms

════════════════════════════════════════
[PERFORMANCE] 2025-12-23 19:02:53
────────────────────────────────────────
Acción: Iniciar sesión
Usuario: china
Ruta: POST /
Tiempo: 154 ms

════════════════════════════════════════
[PERFORMANCE] 2025-12-23 19:02:53
────────────────────────────────────────
Acción: Ver panel principal
Usuario: china
Ruta: GET /dashboard
Tiempo: 124 ms

════════════════════════════════════════
[PERFORMANCE] 2025-12-23 19:02:53
────────────────────────────────────────
Acción: GET /api/carrito/ver
Usuario: china
Ruta: GET /api/carrito/ver
Tiempo: 1 ms

════════════════════════════════════════
[PERFORMANCE] 2025-12-23 19:02:56
────────────────────────────────────────
Acción: Ver ventas
Usuario: china
Ruta: GET /sales
Tiempo: 224 ms

════════════════════════════════════════
[PERFORMANCE] 2025-12-23 19:02:59
────────────────────────────────────────
Acción: Ver boleta
Usuario: china
Ruta: GET /receipt/R0074
Tiempo: 50 ms

════════════════════════════════════════
[PERFORMANCE] 2025-12-23 19:03:04
────────────────────────────────────────
Acción: Ver boleta
Usuario: china
Ruta: GET /receipt/R0069
Tiempo: 1 ms

════════════════════════════════════════
[PERFORMANCE] 2025-12-23 19:03:12
────────────────────────────────────────
Acción: Ver boleta
Usuario: china
Ruta: GET /receipt/R0046
Tiempo: 1 ms

════════════════════════════════════════
[PERFORMANCE] 2025-12-23 19:03:40
────────────────────────────────────────
Acción: Ver ventas
Usuario: china
Ruta: GET /sales
Tiempo: 8 ms

════════════════════════════════════════
[PERFORMANCE] 2025-12-23 19:35:45
────────────────────────────────────────
Acción: GET /
Usuario: china
Ruta: GET /
Tiempo: 477 ms

════════════════════════════════════════
[PERFORMANCE] 2025-12-23 19:35:47
────────────────────────────────────────
Acción: GET /favicon.ico
Usuario: china
Ruta: GET /favicon.ico
Tiempo: 14 ms

════════════════════════════════════════
[PERFORMANCE] 2025-12-23 19:35:54
────────────────────────────────────────
Acción: Iniciar sesión
Usuario: china
Ruta: POST /
Tiempo: 1026 ms

════════════════════════════════════════
[PERFORMANCE] 2025-12-23 19:35:55
────────────────────────────────────────
Acción: Ver panel principal
Usuario: china
Ruta: GET /dashboard
Tiempo: 796 ms

════════════════════════════════════════
[PERFORMANCE] 2025-12-23 19:35:55
────────────────────────────────────────
Acción: GET /api/carrito/ver
Usuario: china
Ruta: GET /api/carrito/ver
Tiempo: 0 ms

════════════════════════════════════════
[PERFORMANCE] 2025-12-23 19:36:01
────────────────────────────────────────
Acción: Ver ventas
Usuario: china
Ruta: GET /sales
Tiempo: 201 ms

════════════════════════════════════════
[PERFORMANCE] 2025-12-23 19:36:14
────────────────────────────────────────
Acción: Ver boleta
Usuario: china
Ruta: GET /receipt/R0074
Tiempo: 113 ms

════════════════════════════════════════
[PERFORMANCE] 2025-12-23 19:36:18
────────────────────────────────────────
Acción: Ver boleta
Usuario: china
Ruta: GET /receipt/R0074
Tiempo: 1 ms

════════════════════════════════════════
[PERFORMANCE] 2025-12-23 19:36:19
────────────────────────────────────────
Acción: Ver boleta
Usuario: china
Ruta: GET /receipt/R0074
Tiempo: 1 ms

════════════════════════════════════════
[PERFORMANCE] 2025-12-23 19:39:55
────────────────────────────────────────
Acción: Ver panel principal
Usuario: china
Ruta: GET /dashboard
Tiempo: 1 ms

════════════════════════════════════════
[PERFORMANCE] 2025-12-23 19:39:56
────────────────────────────────────────
Acción: GET /api/carrito/ver
Usuario: china
Ruta: GET /api/carrito/ver
Tiempo: 0 ms

════════════════════════════════════════
[PERFORMANCE] 2025-12-23 19:39:57
────────────────────────────────────────
Acción: Ver ventas
Usuario: china
Ruta: GET /sales
Tiempo: 21 ms

════════════════════════════════════════
[PERFORMANCE] 2025-12-23 19:40:03
────────────────────────────────────────
Acción: GET /stats/profit
Usuario: china
Ruta: GET /stats/profit
Tiempo: 3424 ms

════════════════════════════════════════
[PERFORMANCE] 2025-12-23 19:40:08
────────────────────────────────────────
Acción: Ver ventas
Usuario: china
Ruta: GET /sales
Tiempo: 9 ms

════════════════════════════════════════
[PERFORMANCE] 2025-12-23 19:40:10
────────────────────────────────────────
Acción: GET /stats/profit
Usuario: china
Ruta: GET /stats/profit
Tiempo: 3 ms

════════════════════════════════════════
[PERFORMANCE] 2025-12-23 19:40:11
────────────────────────────────────────
Acción: Ver ventas
Usuario: china
Ruta: GET /sales
Tiempo: 26 ms

════════════════════════════════════════
[PERFORMANCE] 2025-12-23 19:40:12
────────────────────────────────────────
Acción: Ver estadísticas
Usuario: china
Ruta: GET /sales/stats
Tiempo: 361 ms

════════════════════════════════════════
[PERFORMANCE] 2025-12-23 19:40:26
────────────────────────────────────────
Acción: Ver registro de actividad
Usuario: china
Ruta: GET /audit
Tiempo: 4941 ms

════════════════════════════════════════
[PERFORMANCE] 2025-12-23 19:40:31
────────────────────────────────────────
Acción: Ver panel principal
Usuario: china
Ruta: GET /dashboard
Tiempo: 4 ms

════════════════════════════════════════
[PERFORMANCE] 2025-12-23 19:40:31
────────────────────────────────────────
Acción: GET /api/carrito/ver
Usuario: china
Ruta: GET /api/carrito/ver
Tiempo: 0 ms

════════════════════════════════════════
[PERFORMANCE] 2025-12-23 19:40:34
────────────────────────────────────────
Acción: Obtener producto
Usuario: china
Ruta: GET /api/product/1
Tiempo: 0 ms

════════════════════════════════════════
[PERFORMANCE] 2025-12-23 20:13:24
────────────────────────────────────────
Acción: Ver panel principal
Usuario: china
Ruta: GET /dashboard
Tiempo: 265 ms

════════════════════════════════════════
[PERFORMANCE] 2025-12-23 20:13:25
────────────────────────────────────────
Acción: GET /api/carrito/ver
Usuario: china
Ruta: GET /api/carrito/ver
Tiempo: 1 ms

════════════════════════════════════════
[PERFORMANCE] 2025-12-23 20:13:30
────────────────────────────────────────
Acción: Cerrar sesión
Usuario: anónimo
Ruta: GET /logout
Tiempo: 204 ms

════════════════════════════════════════
[PERFORMANCE] 2025-12-23 20:13:30
────────────────────────────────────────
Acción: GET /
Usuario: anónimo
Ruta: GET /
Tiempo: 30 ms

════════════════════════════════════════
[PERFORMANCE] 2025-12-23 20:13:33
────────────────────────────────────────
Acción: GET /
Usuario: anónimo
Ruta: GET /
Tiempo: 0 ms

════════════════════════════════════════
[PERFORMANCE] 2025-12-23 20:16:34
────────────────────────────────────────
Acción: GET /
Usuario: anónimo
Ruta: GET /
Tiempo: 709 ms

════════════════════════════════════════
[PERFORMANCE] 2025-12-23 20:16:55
────────────────────────────────────────
Acción: Iniciar sesión
Usuario: anónimo
Ruta: POST /
Tiempo: 1021 ms

════════════════════════════════════════
[PERFORMANCE] 2025-12-23 20:16:56
────────────────────────────────────────
Acción: GET /
Usuario: anónimo
Ruta: GET /
Tiempo: 1 ms

════════════════════════════════════════
[PERFORMANCE] 2025-12-23 20:17:04
────────────────────────────────────────
Acción: Iniciar sesión
Usuario: china
Ruta: POST /
Tiempo: 203 ms

════════════════════════════════════════
[PERFORMANCE] 2025-12-23 20:17:04
────────────────────────────────────────
Acción: Ver panel principal
Usuario: china
Ruta: GET /dashboard
Tiempo: 402 ms

════════════════════════════════════════
[PERFORMANCE] 2025-12-23 20:17:04
────────────────────────────────────────
Acción: GET /api/carrito/ver
Usuario: china
Ruta: GET /api/carrito/ver
Tiempo: 0 ms

════════════════════════════════════════
[PERFORMANCE] 2025-12-23 20:17:10
────────────────────────────────────────
Acción: Ver ventas
Usuario: china
Ruta: GET /sales
Tiempo: 176 ms

════════════════════════════════════════
[PERFORMANCE] 2025-12-23 20:17:21
────────────────────────────────────────
Acción: GET /stats/profit
Usuario: china
Ruta: GET /stats/profit
Tiempo: 167 ms

════════════════════════════════════════
[PERFORMANCE] 2025-12-23 20:17:23
────────────────────────────────────────
Acción: Ver ventas
Usuario: china
Ruta: GET /sales
Tiempo: 8 ms

════════════════════════════════════════
[PERFORMANCE] 2025-12-23 20:17:26
────────────────────────────────────────
Acción: Ver registro de actividad
Usuario: china
Ruta: GET /audit
Tiempo: 47 ms

════════════════════════════════════════
[PERFORMANCE] 2025-12-23 20:18:22
────────────────────────────────────────
Acción: GET /favicon.ico
Usuario: china
Ruta: GET /favicon.ico
Tiempo: 64 ms

════════════════════════════════════════
[PERFORMANCE] 2025-12-23 20:18:27
────────────────────────────────────────
Acción: Ver panel principal
Usuario: china
Ruta: GET /dashboard
Tiempo: 3 ms

════════════════════════════════════════
[PERFORMANCE] 2025-12-23 20:18:43
────────────────────────────────────────
Acción: GET /api/carrito/ver
Usuario: china
Ruta: GET /api/carrito/ver
Tiempo: 0 ms

════════════════════════════════════════
[PERFORMANCE] 2025-12-23 20:18:45
────────────────────────────────────────
Acción: GET /favicon.ico
Usuario: china
Ruta: GET /favicon.ico
Tiempo: 0 ms

════════════════════════════════════════
[PERFORMANCE] 2025-12-23 20:19:02
────────────────────────────────────────
Acción: Cerrar sesión
Usuario: anónimo
Ruta: GET /logout
Tiempo: 0 ms

════════════════════════════════════════
[PERFORMANCE] 2025-12-23 20:19:03
────────────────────────────────────────
Acción: GET /
Usuario: anónimo
Ruta: GET /
Tiempo: 0 ms

════════════════════════════════════════
[PERFORMANCE] 2025-12-23 20:19:28
────────────────────────────────────────
Acción: Iniciar sesión
Usuario: china
Ruta: POST /
Tiempo: 93 ms

════════════════════════════════════════
[PERFORMANCE] 2025-12-23 20:19:28
────────────────────────────────────────
Acción: Ver panel principal
Usuario: china
Ruta: GET /dashboard
Tiempo: 1 ms

════════════════════════════════════════
[PERFORMANCE] 2025-12-23 20:19:28
────────────────────────────────────────
Acción: GET /api/carrito/ver
Usuario: china
Ruta: GET /api/carrito/ver
Tiempo: 0 ms

════════════════════════════════════════
[PERFORMANCE] 2025-12-23 20:19:34
────────────────────────────────────────
Acción: GET /stats/profit
Usuario: china
Ruta: GET /stats/profit
Tiempo: 1 ms

════════════════════════════════════════
[PERFORMANCE] 2025-12-23 20:19:40
────────────────────────────────────────
Acción: Ver ventas
Usuario: china
Ruta: GET /sales
Tiempo: 6 ms

════════════════════════════════════════
[PERFORMANCE] 2025-12-23 20:19:42
────────────────────────────────────────
Acción: GET /stats/profit
Usuario: china
Ruta: GET /stats/profit
Tiempo: 1 ms

════════════════════════════════════════
[PERFORMANCE] 2025-12-23 20:19:49
────────────────────────────────────────
Acción: Ver ventas
Usuario: china
Ruta: GET /sales
Tiempo: 6 ms

════════════════════════════════════════
[PERFORMANCE] 2025-12-23 20:19:53
────────────────────────────────────────
Acción: Ver panel principal
Usuario: china
Ruta: GET /dashboard
Tiempo: 1 ms

════════════════════════════════════════
[PERFORMANCE] 2025-12-23 20:19:53
────────────────────────────────────────
Acción: GET /api/carrito/ver
Usuario: china
Ruta: GET /api/carrito/ver
Tiempo: 0 ms

════════════════════════════════════════
[PERFORMANCE] 2025-12-23 20:19:54
────────────────────────────────────────
Acción: Cerrar sesión
Usuario: anónimo
Ruta: GET /logout
Tiempo: 0 ms

════════════════════════════════════════
[PERFORMANCE] 2025-12-23 20:19:54
────────────────────────────────────────
Acción: GET /
Usuario: anónimo
Ruta: GET /
Tiempo: 0 ms

════════════════════════════════════════
[PERFORMANCE] 2025-12-23 20:20:02
────────────────────────────────────────
Acción: Iniciar sesión
Usuario: china
Ruta: POST /
Tiempo: 74 ms

════════════════════════════════════════
[PERFORMANCE] 2025-12-23 20:20:02
────────────────────────────────────────
Acción: Ver panel principal
Usuario: china
Ruta: GET /dashboard
Tiempo: 1 ms

════════════════════════════════════════
[PERFORMANCE] 2025-12-23 20:20:02
────────────────────────────────────────
Acción: GET /api/carrito/ver
Usuario: china
Ruta: GET /api/carrito/ver
Tiempo: 0 ms

════════════════════════════════════════
[PERFORMANCE] 2025-12-23 20:20:04
────────────────────────────────────────
Acción: Ver ventas
Usuario: china
Ruta: GET /sales
Tiempo: 6 ms

════════════════════════════════════════
[PERFORMANCE] 2025-12-23 20:20:10
────────────────────────────────────────
Acción: Ver panel principal
Usuario: china
Ruta: GET /dashboard
Tiempo: 1 ms

════════════════════════════════════════
[PERFORMANCE] 2025-12-23 20:20:10
────────────────────────────────────────
Acción: GET /api/carrito/ver
Usuario: china
Ruta: GET /api/carrito/ver
Tiempo: 0 ms

════════════════════════════════════════
[PERFORMANCE] 2025-12-23 20:20:11
────────────────────────────────────────
Acción: Ver registro de actividad
Usuario: china
Ruta: GET /audit
Tiempo: 1 ms

════════════════════════════════════════
[PERFORMANCE] 2025-12-23 20:20:13
────────────────────────────────────────
Acción: GET /china
Usuario: china
Ruta: GET /china
Tiempo: 40 ms

════════════════════════════════════════
[PERFORMANCE] 2025-12-23 20:20:20
────────────────────────────────────────
Acción: Ver panel principal
Usuario: china
Ruta: GET /dashboard
Tiempo: 3 ms

════════════════════════════════════════
[PERFORMANCE] 2025-12-23 20:20:20
────────────────────────────────────────
Acción: GET /api/carrito/ver
Usuario: china
Ruta: GET /api/carrito/ver
Tiempo: 0 ms

════════════════════════════════════════
[PERFORMANCE] 2025-12-23 20:20:22
────────────────────────────────────────
Acción: Ver ventas
Usuario: china
Ruta: GET /sales
Tiempo: 6 ms

════════════════════════════════════════
[PERFORMANCE] 2025-12-23 20:20:26
────────────────────────────────────────
Acción: GET /stats/profit
Usuario: china
Ruta: GET /stats/profit
Tiempo: 1 ms

════════════════════════════════════════
[PERFORMANCE] 2025-12-23 20:20:26
────────────────────────────────────────
Acción: Ver ventas
Usuario: china
Ruta: GET /sales
Tiempo: 8 ms

════════════════════════════════════════
[PERFORMANCE] 2025-12-23 20:20:30
────────────────────────────────────────
Acción: GET /stats/profit
Usuario: china
Ruta: GET /stats/profit
Tiempo: 3 ms

════════════════════════════════════════
[PERFORMANCE] 2025-12-23 20:20:33
────────────────────────────────────────
Acción: Ver ventas
Usuario: china
Ruta: GET /sales
Tiempo: 8 ms

════════════════════════════════════════
[PERFORMANCE] 2025-12-23 20:20:35
────────────────────────────────────────
Acción: Ver estadísticas
Usuario: china
Ruta: GET /sales/stats
Tiempo: 46 ms

════════════════════════════════════════
[PERFORMANCE] 2025-12-23 20:20:37
────────────────────────────────────────
Acción: Ver panel principal
Usuario: china
Ruta: GET /dashboard
Tiempo: 5 ms

════════════════════════════════════════
[PERFORMANCE] 2025-12-23 20:20:37
────────────────────────────────────────
Acción: GET /api/carrito/ver
Usuario: china
Ruta: GET /api/carrito/ver
Tiempo: 0 ms

════════════════════════════════════════
[PERFORMANCE] 2025-12-23 20:24:22
────────────────────────────────────────
Acción: Ver panel principal
Usuario: china
Ruta: GET /dashboard
Tiempo: 4 ms

════════════════════════════════════════
[PERFORMANCE] 2025-12-23 20:24:23
────────────────────────────────────────
Acción: GET /api/carrito/ver
Usuario: china
Ruta: GET /api/carrito/ver
Tiempo: 0 ms

════════════════════════════════════════
[PERFORMANCE] 2025-12-23 20:24:26
────────────────────────────────────────
Acción: Ver panel principal
Usuario: china
Ruta: GET /dashboard
Tiempo: 4 ms

════════════════════════════════════════
[PERFORMANCE] 2025-12-23 20:24:26
────────────────────────────────────────
Acción: GET /api/carrito/ver
Usuario: china
Ruta: GET /api/carrito/ver
Tiempo: 0 ms

════════════════════════════════════════
[PERFORMANCE] 2025-12-23 20:24:27
────────────────────────────────────────
Acción: Ver panel principal
Usuario: china
Ruta: GET /dashboard
Tiempo: 5 ms

════════════════════════════════════════
[PERFORMANCE] 2025-12-23 20:24:27
────────────────────────────────────────
Acción: GET /api/carrito/ver
Usuario: china
Ruta: GET /api/carrito/ver
Tiempo: 0 ms

════════════════════════════════════════
[PERFORMANCE] 2025-12-23 20:24:30
────────────────────────────────────────
Acción: Cerrar sesión
Usuario: anónimo
Ruta: GET /logout
Tiempo: 1 ms

════════════════════════════════════════
[PERFORMANCE] 2025-12-23 20:24:30
────────────────────────────────────────
Acción: GET /
Usuario: anónimo
Ruta: GET /
Tiempo: 1 ms

════════════════════════════════════════
[PERFORMANCE] 2025-12-23 20:27:38
────────────────────────────────────────
Acción: GET /
Usuario: anónimo
Ruta: GET /
Tiempo: 1 ms

════════════════════════════════════════
[PERFORMANCE] 2025-12-23 20:27:41
────────────────────────────────────────
Acción: GET /
Usuario: anónimo
Ruta: GET /
Tiempo: 0 ms

════════════════════════════════════════
[PERFORMANCE] 2025-12-23 20:31:18
────────────────────────────────────────
Acción: GET /
Usuario: anónimo
Ruta: GET /
Tiempo: 2465 ms

════════════════════════════════════════
[PERFORMANCE] 2025-12-23 20:31:24
────────────────────────────────────────
Acción: GET /
Usuario: anónimo
Ruta: GET /
Tiempo: 24 ms

════════════════════════════════════════
[PERFORMANCE] 2025-12-23 20:31:30
────────────────────────────────────────
Acción: Iniciar sesión
Usuario: anónimo
Ruta: POST /
Tiempo: 373 ms

════════════════════════════════════════
[PERFORMANCE] 2025-12-23 20:31:30
────────────────────────────────────────
Acción: GET /
Usuario: anónimo
Ruta: GET /
Tiempo: 1 ms

════════════════════════════════════════
[PERFORMANCE] 2025-12-23 20:31:39
────────────────────────────────────────
Acción: Iniciar sesión
Usuario: china
Ruta: POST /
Tiempo: 1248 ms

════════════════════════════════════════
[PERFORMANCE] 2025-12-23 20:31:39
────────────────────────────────────────
Acción: Ver panel principal
Usuario: china
Ruta: GET /dashboard
Tiempo: 539 ms

════════════════════════════════════════
[PERFORMANCE] 2025-12-23 20:31:39
────────────────────────────────────────
Acción: GET /api/carrito/ver
Usuario: china
Ruta: GET /api/carrito/ver
Tiempo: 0 ms

════════════════════════════════════════
[PERFORMANCE] 2025-12-23 20:31:48
────────────────────────────────────────
Acción: Ver ventas
Usuario: china
Ruta: GET /sales
Tiempo: 1272 ms

════════════════════════════════════════
[PERFORMANCE] 2025-12-23 20:31:51
────────────────────────────────────────
Acción: GET /stats/profit
Usuario: china
Ruta: GET /stats/profit
Tiempo: 50 ms

════════════════════════════════════════
[PERFORMANCE] 2025-12-23 20:54:16
────────────────────────────────────────
Acción: Ver panel principal
Usuario: china
Ruta: GET /dashboard
Tiempo: 1588 ms

════════════════════════════════════════
[PERFORMANCE] 2025-12-23 20:54:30
────────────────────────────────────────
Acción: GET /api/carrito/ver
Usuario: china
Ruta: GET /api/carrito/ver
Tiempo: 114 ms

════════════════════════════════════════
[PERFORMANCE] 2025-12-23 20:54:31
────────────────────────────────────────
Acción: GET /favicon.ico
Usuario: china
Ruta: GET /favicon.ico
Tiempo: 192 ms

════════════════════════════════════════
[PERFORMANCE] 2025-12-23 20:54:38
────────────────────────────────────────
Acción: Ver panel principal
Usuario: china
Ruta: GET /dashboard
Tiempo: 2 ms

════════════════════════════════════════
[PERFORMANCE] 2025-12-23 20:54:40
────────────────────────────────────────
Acción: GET /api/carrito/ver
Usuario: china
Ruta: GET /api/carrito/ver
Tiempo: 0 ms

════════════════════════════════════════
[PERFORMANCE] 2025-12-23 20:54:40
────────────────────────────────────────
Acción: GET /favicon.ico
Usuario: china
Ruta: GET /favicon.ico
Tiempo: 0 ms

════════════════════════════════════════
[PERFORMANCE] 2025-12-23 20:54:44
────────────────────────────────────────
Acción: Ver panel principal
Usuario: china
Ruta: GET /dashboard
Tiempo: 198 ms

════════════════════════════════════════
[PERFORMANCE] 2025-12-23 20:54:44
────────────────────────────────────────
Acción: GET /api/carrito/ver
Usuario: china
Ruta: GET /api/carrito/ver
Tiempo: 0 ms

════════════════════════════════════════
[PERFORMANCE] 2025-12-23 20:54:44
────────────────────────────────────────
Acción: GET /favicon.ico
Usuario: china
Ruta: GET /favicon.ico
Tiempo: 0 ms

════════════════════════════════════════
[PERFORMANCE] 2025-12-23 20:54:53
────────────────────────────────────────
Acción: GET /china
Usuario: china
Ruta: GET /china
Tiempo: 2744 ms

════════════════════════════════════════
[PERFORMANCE] 2025-12-23 20:54:58
────────────────────────────────────────
Acción: Ver panel principal
Usuario: china
Ruta: GET /dashboard
Tiempo: 1 ms

════════════════════════════════════════
[PERFORMANCE] 2025-12-23 20:54:58
────────────────────────────────────────
Acción: GET /api/carrito/ver
Usuario: china
Ruta: GET /api/carrito/ver
Tiempo: 0 ms

════════════════════════════════════════
[PERFORMANCE] 2025-12-23 20:59:50
────────────────────────────────────────
Acción: GET /
Usuario: china
Ruta: GET /
Tiempo: 1437 ms

════════════════════════════════════════
[PERFORMANCE] 2025-12-23 21:00:11
────────────────────────────────────────
Acción: GET /favicon.ico
Usuario: china
Ruta: GET /favicon.ico
Tiempo: 474 ms

════════════════════════════════════════
[PERFORMANCE] 2025-12-23 21:00:49
────────────────────────────────────────
Acción: Iniciar sesión
Usuario: china
Ruta: POST /
Tiempo: 1156 ms

════════════════════════════════════════
[PERFORMANCE] 2025-12-23 21:00:49
────────────────────────────────────────
Acción: Ver panel principal
Usuario: china
Ruta: GET /dashboard
Tiempo: 405 ms

════════════════════════════════════════
[PERFORMANCE] 2025-12-23 21:00:50
────────────────────────────────────────
Acción: GET /api/carrito/ver
Usuario: china
Ruta: GET /api/carrito/ver
Tiempo: 0 ms

════════════════════════════════════════
[PERFORMANCE] 2025-12-23 21:00:54
────────────────────────────────────────
Acción: GET /china
Usuario: china
Ruta: GET /china
Tiempo: 56 ms

════════════════════════════════════════
[PERFORMANCE] 2025-12-24 10:24:56
────────────────────────────────────────
Acción: Ver panel principal
Usuario: china
Ruta: GET /dashboard
Tiempo: 386 ms

════════════════════════════════════════
[PERFORMANCE] 2025-12-24 10:25:56
────────────────────────────────────────
Acción: Ver panel principal
Usuario: china
Ruta: GET /dashboard
Tiempo: 77 ms

════════════════════════════════════════
[PERFORMANCE] 2025-12-24 10:25:57
────────────────────────────────────────
Acción: GET /api/carrito/ver
Usuario: china
Ruta: GET /api/carrito/ver
Tiempo: 0 ms

════════════════════════════════════════
[PERFORMANCE] 2025-12-24 10:25:57
────────────────────────────────────────
Acción: GET /favicon.ico
Usuario: china
Ruta: GET /favicon.ico
Tiempo: 54 ms

════════════════════════════════════════
[PERFORMANCE] 2025-12-24 10:26:02
────────────────────────────────────────
Acción: GET /china
Usuario: china
Ruta: GET /china
Tiempo: 91 ms

════════════════════════════════════════
[PERFORMANCE] 2025-12-24 10:26:22
────────────────────────────────────────
Acción: POST /china/role
Usuario: china
Ruta: POST /china/role
Tiempo: 1181 ms

════════════════════════════════════════
[PERFORMANCE] 2025-12-24 10:26:22
────────────────────────────────────────
Acción: GET /china
Usuario: china
Ruta: GET /china
Tiempo: 60 ms

════════════════════════════════════════
[PERFORMANCE] 2025-12-24 10:34:08
────────────────────────────────────────
Acción: Ver panel principal
Usuario: china
Ruta: GET /dashboard
Tiempo: 757 ms

════════════════════════════════════════
[PERFORMANCE] 2025-12-24 10:34:10
────────────────────────────────────────
Acción: GET /china
Usuario: china
Ruta: GET /china
Tiempo: 1 ms

════════════════════════════════════════
[PERFORMANCE] 2025-12-24 10:34:18
────────────────────────────────────────
Acción: Ver registro de actividad
Usuario: china
Ruta: GET /audit
Tiempo: 3369 ms

════════════════════════════════════════
[PERFORMANCE] 2025-12-24 10:34:22
────────────────────────────────────────
Acción: Ver panel principal
Usuario: china
Ruta: GET /dashboard
Tiempo: 1 ms

════════════════════════════════════════
[PERFORMANCE] 2025-12-24 10:34:23
────────────────────────────────────────
Acción: GET /api/carrito/ver
Usuario: china
Ruta: GET /api/carrito/ver
Tiempo: 0 ms

════════════════════════════════════════
[PERFORMANCE] 2025-12-24 10:34:26
────────────────────────────────────────
Acción: Ver configuración
Usuario: china
Ruta: GET /settings
Tiempo: 683 ms

════════════════════════════════════════
[PERFORMANCE] 2025-12-24 10:56:53
────────────────────────────────────────
Acción: GET /china
Usuario: china
Ruta: GET /china
Tiempo: 1 ms

════════════════════════════════════════
[PERFORMANCE] 2025-12-24 10:57:24
────────────────────────────────────────
Acción: Ver panel principal
Usuario: china
Ruta: GET /dashboard
Tiempo: 19 ms

════════════════════════════════════════
[PERFORMANCE] 2025-12-24 10:57:24
────────────────────────────────────────
Acción: GET /api/carrito/ver
Usuario: china
Ruta: GET /api/carrito/ver
Tiempo: 0 ms

════════════════════════════════════════
[PERFORMANCE] 2025-12-24 10:57:31
────────────────────────────────────────
Acción: Ver ventas
Usuario: china
Ruta: GET /sales
Tiempo: 4821 ms

════════════════════════════════════════
[PERFORMANCE] 2025-12-24 10:57:40
────────────────────────────────────────
Acción: Registrar pago
Usuario: china
Ruta: POST /sales/R0068/complete
Tiempo: 1 ms

════════════════════════════════════════
[PERFORMANCE] 2025-12-24 10:57:41
────────────────────────────────────────
Acción: Ver ventas
Usuario: china
Ruta: GET /sales
Tiempo: 9 ms

════════════════════════════════════════
[PERFORMANCE] 2025-12-24 10:57:46
────────────────────────────────────────
Acción: Ver registro de actividad
Usuario: china
Ruta: GET /audit
Tiempo: 5 ms

════════════════════════════════════════
[PERFORMANCE] 2025-12-24 10:57:55
────────────────────────────────────────
Acción: Ver panel principal
Usuario: china
Ruta: GET /dashboard
Tiempo: 1 ms

════════════════════════════════════════
[PERFORMANCE] 2025-12-24 10:57:55
────────────────────────────────────────
Acción: GET /api/carrito/ver
Usuario: china
Ruta: GET /api/carrito/ver
Tiempo: 0 ms

════════════════════════════════════════
[PERFORMANCE] 2025-12-24 10:58:00
────────────────────────────────────────
Acción: GET /stats/profit
Usuario: china
Ruta: GET /stats/profit
Tiempo: 150 ms

════════════════════════════════════════
[PERFORMANCE] 2025-12-24 10:58:03
────────────────────────────────────────
Acción: GET /stats/profit
Usuario: china
Ruta: GET /stats/profit
Tiempo: 3 ms

════════════════════════════════════════
[PERFORMANCE] 2025-12-24 10:58:20
────────────────────────────────────────
Acción: Ver ventas
Usuario: china
Ruta: GET /sales
Tiempo: 8 ms

════════════════════════════════════════
[PERFORMANCE] 2025-12-24 10:58:22
────────────────────────────────────────
Acción: Ver registro de actividad
Usuario: china
Ruta: GET /audit
Tiempo: 269 ms

════════════════════════════════════════
[PERFORMANCE] 2025-12-24 10:58:25
────────────────────────────────────────
Acción: Ver panel principal
Usuario: china
Ruta: GET /dashboard
Tiempo: 1 ms

════════════════════════════════════════
[PERFORMANCE] 2025-12-24 10:58:25
────────────────────────────────────────
Acción: GET /api/carrito/ver
Usuario: china
Ruta: GET /api/carrito/ver
Tiempo: 0 ms

════════════════════════════════════════
[PERFORMANCE] 2025-12-24 10:58:27
────────────────────────────────────────
Acción: Obtener producto
Usuario: china
Ruta: GET /api/product/1
Tiempo: 49 ms

════════════════════════════════════════
[PERFORMANCE] 2025-12-24 10:58:32
────────────────────────────────────────
Acción: GET /api/carrito/ver
Usuario: china
Ruta: GET /api/carrito/ver
Tiempo: 0 ms

════════════════════════════════════════
[PERFORMANCE] 2025-12-24 10:58:57
────────────────────────────────────────
Acción: GET /china
Usuario: china
Ruta: GET /china
Tiempo: 1 ms

════════════════════════════════════════
[PERFORMANCE] 2025-12-24 11:20:00
────────────────────────────────────────
Acción: GET /china
Usuario: china
Ruta: GET /china
Tiempo: 76 ms

════════════════════════════════════════
[PERFORMANCE] 2025-12-24 11:20:11
────────────────────────────────────────
Acción: GET /favicon.ico
Usuario: china
Ruta: GET /favicon.ico
Tiempo: 0 ms

════════════════════════════════════════
[PERFORMANCE] 2025-12-24 11:20:48
────────────────────────────────────────
Acción: Ver registro de actividad
Usuario: china
Ruta: GET /audit
Tiempo: 264 ms

════════════════════════════════════════
[PERFORMANCE] 2025-12-24 11:20:51
────────────────────────────────────────
Acción: Ver panel principal
Usuario: china
Ruta: GET /dashboard
Tiempo: 715 ms

════════════════════════════════════════
[PERFORMANCE] 2025-12-24 11:20:52
────────────────────────────────────────
Acción: GET /api/carrito/ver
Usuario: china
Ruta: GET /api/carrito/ver
Tiempo: 0 ms

════════════════════════════════════════
[PERFORMANCE] 2025-12-24 11:20:57
────────────────────────────────────────
Acción: GET /china
Usuario: china
Ruta: GET /china
Tiempo: 1 ms

════════════════════════════════════════
[PERFORMANCE] 2025-12-24 11:23:17
────────────────────────────────────────
Acción: GET /china
Usuario: china
Ruta: GET /china
Tiempo: 1 ms

════════════════════════════════════════
[PERFORMANCE] 2025-12-24 11:23:19
────────────────────────────────────────
Acción: GET /china
Usuario: china
Ruta: GET /china
Tiempo: 1 ms

════════════════════════════════════════
[PERFORMANCE] 2025-12-24 11:44:47
────────────────────────────────────────
Acción: GET /china
Usuario: china
Ruta: GET /china
Tiempo: 777 ms

════════════════════════════════════════
[PERFORMANCE] 2025-12-24 11:56:03
────────────────────────────────────────
Acción: GET /
Usuario: china
Ruta: GET /
Tiempo: 1391 ms

════════════════════════════════════════
[PERFORMANCE] 2025-12-24 11:56:06
────────────────────────────────────────
Acción: GET /favicon.ico
Usuario: china
Ruta: GET /favicon.ico
Tiempo: 0 ms

════════════════════════════════════════
[PERFORMANCE] 2025-12-24 11:56:12
────────────────────────────────────────
Acción: Iniciar sesión
Usuario: china
Ruta: POST /
Tiempo: 178 ms

════════════════════════════════════════
[PERFORMANCE] 2025-12-24 11:56:12
────────────────────────────────────────
Acción: GET /
Usuario: china
Ruta: GET /
Tiempo: 1 ms

════════════════════════════════════════
[PERFORMANCE] 2025-12-24 11:56:19
────────────────────────────────────────
Acción: Iniciar sesión
Usuario: china
Ruta: POST /
Tiempo: 78 ms

════════════════════════════════════════
[PERFORMANCE] 2025-12-24 11:56:19
────────────────────────────────────────
Acción: GET /
Usuario: china
Ruta: GET /
Tiempo: 1 ms

════════════════════════════════════════
[PERFORMANCE] 2025-12-24 11:56:25
────────────────────────────────────────
Acción: Iniciar sesión
Usuario: china
Ruta: POST /
Tiempo: 0 ms

════════════════════════════════════════
[PERFORMANCE] 2025-12-24 11:56:25
────────────────────────────────────────
Acción: GET /
Usuario: china
Ruta: GET /
Tiempo: 1 ms

════════════════════════════════════════
[PERFORMANCE] 2025-12-24 11:56:31
────────────────────────────────────────
Acción: Iniciar sesión
Usuario: china
Ruta: POST /
Tiempo: 79 ms

════════════════════════════════════════
[PERFORMANCE] 2025-12-24 11:56:31
────────────────────────────────────────
Acción: GET /
Usuario: china
Ruta: GET /
Tiempo: 0 ms

════════════════════════════════════════
[PERFORMANCE] 2025-12-24 11:56:46
────────────────────────────────────────
Acción: Iniciar sesión
Usuario: china
Ruta: POST /
Tiempo: 76 ms

════════════════════════════════════════
[PERFORMANCE] 2025-12-24 11:56:46
────────────────────────────────────────
Acción: GET /
Usuario: china
Ruta: GET /
Tiempo: 0 ms

════════════════════════════════════════
[PERFORMANCE] 2025-12-24 11:57:01
────────────────────────────────────────
Acción: Iniciar sesión
Usuario: china
Ruta: POST /
Tiempo: 79 ms

════════════════════════════════════════
[PERFORMANCE] 2025-12-24 11:57:01
────────────────────────────────────────
Acción: GET /
Usuario: china
Ruta: GET /
Tiempo: 1 ms

════════════════════════════════════════
[PERFORMANCE] 2025-12-24 11:57:07
────────────────────────────────────────
Acción: Iniciar sesión
Usuario: china
Ruta: POST /
Tiempo: 0 ms

════════════════════════════════════════
[PERFORMANCE] 2025-12-24 11:57:07
────────────────────────────────────────
Acción: GET /
Usuario: china
Ruta: GET /
Tiempo: 0 ms

════════════════════════════════════════
[PERFORMANCE] 2025-12-24 11:58:51
────────────────────────────────────────
Acción: Iniciar sesión
Usuario: china
Ruta: POST /
Tiempo: 78 ms

════════════════════════════════════════
[PERFORMANCE] 2025-12-24 11:58:51
────────────────────────────────────────
Acción: GET /
Usuario: china
Ruta: GET /
Tiempo: 1 ms

════════════════════════════════════════
[PERFORMANCE] 2025-12-24 11:58:58
────────────────────────────────────────
Acción: Iniciar sesión
Usuario: china
Ruta: POST /
Tiempo: 76 ms

════════════════════════════════════════
[PERFORMANCE] 2025-12-24 11:58:58
────────────────────────────────────────
Acción: GET /
Usuario: china
Ruta: GET /
Tiempo: 1 ms

════════════════════════════════════════
[PERFORMANCE] 2025-12-24 12:23:02
────────────────────────────────────────
Acción: Iniciar sesión
Usuario: china
Ruta: POST /
Tiempo: 5935 ms

════════════════════════════════════════
[PERFORMANCE] 2025-12-24 12:23:03
────────────────────────────────────────
Acción: Iniciar sesión
Usuario: china
Ruta: POST /
Tiempo: 5848 ms

════════════════════════════════════════
[PERFORMANCE] 2025-12-24 12:23:04
────────────────────────────────────────
Acción: Iniciar sesión
Usuario: china
Ruta: POST /
Tiempo: 1000 ms

════════════════════════════════════════
[PERFORMANCE] 2025-12-24 12:23:02
────────────────────────────────────────
Acción: Iniciar sesión
Usuario: china
Ruta: POST /
Tiempo: 8469 ms

════════════════════════════════════════
[PERFORMANCE] 2025-12-24 12:23:02
────────────────────────────────────────
Acción: Iniciar sesión
Usuario: china
Ruta: POST /
Tiempo: 5339 ms

════════════════════════════════════════
[PERFORMANCE] 2025-12-24 12:23:02
────────────────────────────────────────
Acción: Iniciar sesión
Usuario: china
Ruta: POST /
Tiempo: 9020 ms

════════════════════════════════════════
[PERFORMANCE] 2025-12-24 12:23:03
────────────────────────────────────────
Acción: Iniciar sesión
Usuario: china
Ruta: POST /
Tiempo: 265 ms

════════════════════════════════════════
[PERFORMANCE] 2025-12-24 12:23:03
────────────────────────────────────────
Acción: Iniciar sesión
Usuario: china
Ruta: POST /
Tiempo: 9772 ms

════════════════════════════════════════
[PERFORMANCE] 2025-12-24 12:23:03
────────────────────────────────────────
Acción: Iniciar sesión
Usuario: china
Ruta: POST /
Tiempo: 6103 ms

════════════════════════════════════════
[PERFORMANCE] 2025-12-24 12:23:03
────────────────────────────────────────
Acción: Iniciar sesión
Usuario: china
Ruta: POST /
Tiempo: 6891 ms

════════════════════════════════════════
[PERFORMANCE] 2025-12-24 12:23:13
────────────────────────────────────────
Acción: GET /
Usuario: china
Ruta: GET /
Tiempo: 16884 ms

════════════════════════════════════════
[PERFORMANCE] 2025-12-24 12:23:13
────────────────────────────────────────
Acción: GET /
Usuario: china
Ruta: GET /
Tiempo: 17297 ms

════════════════════════════════════════
[PERFORMANCE] 2025-12-24 12:23:13
────────────────────────────────────────
Acción: GET /
Usuario: china
Ruta: GET /
Tiempo: 17321 ms

════════════════════════════════════════
[PERFORMANCE] 2025-12-24 12:23:52
────────────────────────────────────────
Acción: Iniciar sesión
Usuario: china
Ruta: POST /
Tiempo: 75 ms

════════════════════════════════════════
[PERFORMANCE] 2025-12-24 12:23:53
────────────────────────────────────────
Acción: GET /
Usuario: china
Ruta: GET /
Tiempo: 320 ms

════════════════════════════════════════
[PERFORMANCE] 2025-12-24 12:24:06
────────────────────────────────────────
Acción: GET /
Usuario: china
Ruta: GET /
Tiempo: 0 ms

════════════════════════════════════════
[PERFORMANCE] 2025-12-24 12:24:19
────────────────────────────────────────
Acción: Iniciar sesión
Usuario: china
Ruta: POST /
Tiempo: 0 ms

════════════════════════════════════════
[PERFORMANCE] 2025-12-24 12:24:19
────────────────────────────────────────
Acción: GET /
Usuario: china
Ruta: GET /
Tiempo: 0 ms

════════════════════════════════════════
[PERFORMANCE] 2025-12-24 12:24:25
────────────────────────────────────────
Acción: Iniciar sesión
Usuario: china
Ruta: POST /
Tiempo: 76 ms

════════════════════════════════════════
[PERFORMANCE] 2025-12-24 12:24:25
────────────────────────────────────────
Acción: GET /
Usuario: china
Ruta: GET /
Tiempo: 1 ms

════════════════════════════════════════
[PERFORMANCE] 2025-12-24 12:24:39
────────────────────────────────────────
Acción: GET /china
Usuario: china
Ruta: GET /china
Tiempo: 48482 ms

════════════════════════════════════════
[PERFORMANCE] 2025-12-24 12:24:39
────────────────────────────────────────
Acción: Ver panel principal
Usuario: china
Ruta: GET /dashboard
Tiempo: 101566 ms

════════════════════════════════════════
[PERFORMANCE] 2025-12-24 12:24:48
────────────────────────────────────────
Acción: GET /favicon.ico
Usuario: china
Ruta: GET /favicon.ico
Tiempo: 162 ms

════════════════════════════════════════
[PERFORMANCE] 2025-12-24 12:25:30
────────────────────────────────────────
Acción: GET /china
Usuario: china
Ruta: GET /china
Tiempo: 453 ms

════════════════════════════════════════
[PERFORMANCE] 2025-12-24 12:25:55
────────────────────────────────────────
Acción: GET /china
Usuario: china
Ruta: GET /china
Tiempo: 1 ms

════════════════════════════════════════
[PERFORMANCE] 2025-12-24 12:25:56
────────────────────────────────────────
Acción: GET /china
Usuario: china
Ruta: GET /china
Tiempo: 1 ms

════════════════════════════════════════
[PERFORMANCE] 2025-12-24 12:25:57
────────────────────────────────────────
Acción: GET /china
Usuario: china
Ruta: GET /china
Tiempo: 1 ms

════════════════════════════════════════
[PERFORMANCE] 2025-12-24 12:25:57
────────────────────────────────────────
Acción: GET /china
Usuario: china
Ruta: GET /china
Tiempo: 1 ms

════════════════════════════════════════
[PERFORMANCE] 2025-12-24 12:26:08
────────────────────────────────────────
Acción: GET /china
Usuario: china
Ruta: GET /china
Tiempo: 1 ms

════════════════════════════════════════
[PERFORMANCE] 2025-12-24 12:26:09
────────────────────────────────────────
Acción: GET /china
Usuario: china
Ruta: GET /china
Tiempo: 1 ms

════════════════════════════════════════
[PERFORMANCE] 2025-12-24 12:26:56
────────────────────────────────────────
Acción: GET /china
Usuario: china
Ruta: GET /china
Tiempo: 1 ms

════════════════════════════════════════
[PERFORMANCE] 2025-12-24 12:27:52
────────────────────────────────────────
Acción: GET /china
Usuario: china
Ruta: GET /china
Tiempo: 1 ms

════════════════════════════════════════
[PERFORMANCE] 2025-12-24 12:27:53
────────────────────────────────────────
Acción: GET /china
Usuario: china
Ruta: GET /china
Tiempo: 1 ms

════════════════════════════════════════
[PERFORMANCE] 2025-12-24 14:01:27
────────────────────────────────────────
Acción: GET /
Usuario: china
Ruta: GET /
Tiempo: 164 ms

════════════════════════════════════════
[PERFORMANCE] 2025-12-24 14:01:30
────────────────────────────────────────
Acción: GET /favicon.ico
Usuario: china
Ruta: GET /favicon.ico
Tiempo: 20 ms

════════════════════════════════════════
[PERFORMANCE] 2025-12-24 14:01:54
────────────────────────────────────────
Acción: Iniciar sesión
Usuario: china
Ruta: POST /
Tiempo: 353 ms

════════════════════════════════════════
[PERFORMANCE] 2025-12-24 14:01:54
────────────────────────────────────────
Acción: GET /
Usuario: china
Ruta: GET /
Tiempo: 72 ms

════════════════════════════════════════
[PERFORMANCE] 2025-12-24 14:02:03
────────────────────────────────────────
Acción: Iniciar sesión
Usuario: china
Ruta: POST /
Tiempo: 0 ms

════════════════════════════════════════
[PERFORMANCE] 2025-12-24 14:02:03
────────────────────────────────────────
Acción: GET /
Usuario: china
Ruta: GET /
Tiempo: 1 ms

════════════════════════════════════════
[PERFORMANCE] 2025-12-24 15:25:00
────────────────────────────────────────
Acción: Iniciar sesión
Usuario: china
Ruta: POST /
Tiempo: 231 ms

════════════════════════════════════════
[PERFORMANCE] 2025-12-24 15:25:00
────────────────────────────────────────
Acción: GET /
Usuario: china
Ruta: GET /
Tiempo: 101 ms

════════════════════════════════════════
[PERFORMANCE] 2025-12-24 15:25:08
────────────────────────────────────────
Acción: Iniciar sesión
Usuario: china
Ruta: POST /
Tiempo: 0 ms

════════════════════════════════════════
[PERFORMANCE] 2025-12-24 15:25:08
────────────────────────────────────────
Acción: GET /
Usuario: china
Ruta: GET /
Tiempo: 1 ms

════════════════════════════════════════
[PERFORMANCE] 2025-12-24 15:25:24
────────────────────────────────────────
Acción: Iniciar sesión
Usuario: china
Ruta: POST /
Tiempo: 102 ms

════════════════════════════════════════
[PERFORMANCE] 2025-12-24 15:25:24
────────────────────────────────────────
Acción: GET /
Usuario: china
Ruta: GET /
Tiempo: 1 ms

════════════════════════════════════════
[PERFORMANCE] 2025-12-24 15:25:38
────────────────────────────────────────
Acción: Iniciar sesión
Usuario: china
Ruta: POST /
Tiempo: 183 ms

════════════════════════════════════════
[PERFORMANCE] 2025-12-24 15:25:38
────────────────────────────────────────
Acción: GET /
Usuario: china
Ruta: GET /
Tiempo: 1 ms

════════════════════════════════════════
[PERFORMANCE] 2025-12-24 15:25:48
────────────────────────────────────────
Acción: Iniciar sesión
Usuario: china
Ruta: POST /
Tiempo: 0 ms

════════════════════════════════════════
[PERFORMANCE] 2025-12-24 15:25:48
────────────────────────────────────────
Acción: GET /
Usuario: china
Ruta: GET /
Tiempo: 1 ms

════════════════════════════════════════
[PERFORMANCE] 2025-12-24 15:47:05
────────────────────────────────────────
Acción: GET /
Usuario: china
Ruta: GET /
Tiempo: 46 ms

════════════════════════════════════════
[PERFORMANCE] 2025-12-24 15:47:08
────────────────────────────────────────
Acción: GET /favicon.ico
Usuario: china
Ruta: GET /favicon.ico
Tiempo: 130 ms

════════════════════════════════════════
[PERFORMANCE] 2025-12-24 15:47:14
────────────────────────────────────────
Acción: Iniciar sesión
Usuario: china
Ruta: POST /
Tiempo: 102 ms

════════════════════════════════════════
[PERFORMANCE] 2025-12-24 15:47:14
────────────────────────────────────────
Acción: GET /
Usuario: china
Ruta: GET /
Tiempo: 54 ms

════════════════════════════════════════
[PERFORMANCE] 2025-12-24 15:47:21
────────────────────────────────────────
Acción: Iniciar sesión
Usuario: china
Ruta: POST /
Tiempo: 199 ms

════════════════════════════════════════
[PERFORMANCE] 2025-12-24 15:47:21
────────────────────────────────────────
Acción: GET /
Usuario: china
Ruta: GET /
Tiempo: 9 ms

════════════════════════════════════════
[PERFORMANCE] 2025-12-24 15:47:30
────────────────────────────────────────
Acción: Iniciar sesión
Usuario: china
Ruta: POST /
Tiempo: 0 ms

════════════════════════════════════════
[PERFORMANCE] 2025-12-24 15:47:30
────────────────────────────────────────
Acción: GET /
Usuario: china
Ruta: GET /
Tiempo: 1 ms

════════════════════════════════════════
[PERFORMANCE] 2025-12-24 15:47:43
────────────────────────────────────────
Acción: Iniciar sesión
Usuario: china
Ruta: POST /
Tiempo: 0 ms

════════════════════════════════════════
[PERFORMANCE] 2025-12-24 15:47:43
────────────────────────────────────────
Acción: GET /
Usuario: china
Ruta: GET /
Tiempo: 0 ms

════════════════════════════════════════
[PERFORMANCE] 2025-12-24 15:48:14
────────────────────────────────────────
Acción: Iniciar sesión
Usuario: china
Ruta: POST /
Tiempo: 91 ms

════════════════════════════════════════
[PERFORMANCE] 2025-12-24 15:48:14
────────────────────────────────────────
Acción: Ver panel principal
Usuario: china
Ruta: GET /dashboard
Tiempo: 146 ms

════════════════════════════════════════
[PERFORMANCE] 2025-12-24 15:48:17
────────────────────────────────────────
Acción: GET /api/carrito/ver
Usuario: china
Ruta: GET /api/carrito/ver
Tiempo: 0 ms

════════════════════════════════════════
[PERFORMANCE] 2025-12-24 15:48:32
────────────────────────────────────────
Acción: Ver registro de actividad
Usuario: china
Ruta: GET /audit
Tiempo: 47 ms

════════════════════════════════════════
[PERFORMANCE] 2025-12-24 15:48:34
────────────────────────────────────────
Acción: GET /china
Usuario: china
Ruta: GET /china
Tiempo: 83 ms

════════════════════════════════════════
[PERFORMANCE] 2025-12-24 15:48:38
────────────────────────────────────────
Acción: Ver ventas
Usuario: china
Ruta: GET /sales
Tiempo: 83 ms

════════════════════════════════════════
[PERFORMANCE] 2025-12-24 15:48:41
────────────────────────────────────────
Acción: Ver panel principal
Usuario: china
Ruta: GET /dashboard
Tiempo: 2 ms

════════════════════════════════════════
[PERFORMANCE] 2025-12-24 15:48:41
────────────────────────────────────────
Acción: GET /api/carrito/ver
Usuario: china
Ruta: GET /api/carrito/ver
Tiempo: 0 ms

════════════════════════════════════════
[PERFORMANCE] 2025-12-24 15:48:43
────────────────────────────────────────
Acción: Ver estadísticas
Usuario: china
Ruta: GET /sales/stats
Tiempo: 151 ms

════════════════════════════════════════
[PERFORMANCE] 2025-12-24 15:48:49
────────────────────────────────────────
Acción: Obtener producto
Usuario: china
Ruta: GET /api/product/1
Tiempo: 0 ms

════════════════════════════════════════
[PERFORMANCE] 2025-12-24 15:48:52
────────────────────────────────────────
Acción: POST /products/delete/1
Usuario: china
Ruta: POST /products/delete/1
Tiempo: 0 ms

════════════════════════════════════════
[PERFORMANCE] 2025-12-24 15:48:52
────────────────────────────────────────
Acción: Ver panel principal
Usuario: china
Ruta: GET /dashboard
Tiempo: 1 ms

════════════════════════════════════════
[PERFORMANCE] 2025-12-24 15:48:52
────────────────────────────────────────
Acción: GET /api/carrito/ver
Usuario: china
Ruta: GET /api/carrito/ver
Tiempo: 0 ms

════════════════════════════════════════
[PERFORMANCE] 2025-12-24 15:48:53
────────────────────────────────────────
Acción: Ver registro de actividad
Usuario: china
Ruta: GET /audit
Tiempo: 1 ms

════════════════════════════════════════
[PERFORMANCE] 2025-12-24 15:49:46
────────────────────────────────────────
Acción: Ver ventas
Usuario: china
Ruta: GET /sales
Tiempo: 3 ms

════════════════════════════════════════
[PERFORMANCE] 2025-12-24 15:49:47
────────────────────────────────────────
Acción: GET /favicon.ico
Usuario: china
Ruta: GET /favicon.ico
Tiempo: 1 ms

════════════════════════════════════════
[PERFORMANCE] 2025-12-24 15:49:48
────────────────────────────────────────
Acción: Ver ventas
Usuario: china
Ruta: GET /sales
Tiempo: 3 ms

════════════════════════════════════════
[PERFORMANCE] 2025-12-24 15:49:49
────────────────────────────────────────
Acción: Ver panel principal
Usuario: china
Ruta: GET /dashboard
Tiempo: 1 ms

════════════════════════════════════════
[PERFORMANCE] 2025-12-24 15:49:50
────────────────────────────────────────
Acción: GET /api/carrito/ver
Usuario: china
Ruta: GET /api/carrito/ver
Tiempo: 0 ms
