
 [CRITICAL] 2025-12-23 12:51:57

Ruta MUY LENTA: Ver panel principal
Usuario: china
Detalle: GET /dashboard
Tiempo: 7804 ms (umbral: 700 ms)


锔 [WARNING] 2025-12-23 12:52:10

Ruta LENTA: GET /favicon.ico
Usuario: china
Detalle: GET /favicon.ico
Tiempo: 572 ms (umbral: 300 ms)


锔 [WARNING] 2025-12-23 13:20:15

Ruta LENTA: Ver panel principal
Usuario: china
Detalle: GET /dashboard
Tiempo: 361 ms (umbral: 300 ms)


 [CRITICAL] 2025-12-23 13:20:32

Ruta MUY LENTA: GET /stats/profit
Usuario: china
Detalle: GET /stats/profit
Tiempo: 3280 ms (umbral: 700 ms)


 [CRITICAL] 2025-12-23 13:31:58

Ruta MUY LENTA: Ver ventas
Usuario: china
Detalle: GET /sales
Tiempo: 888 ms (umbral: 700 ms)


 [CRITICAL] 2025-12-23 15:33:02

Ruta MUY LENTA: GET /
Usuario: an贸nimo
Detalle: GET /
Tiempo: 890 ms (umbral: 700 ms)


 [CRITICAL] 2025-12-23 15:33:18

Ruta MUY LENTA: GET /favicon.ico
Usuario: an贸nimo
Detalle: GET /favicon.ico
Tiempo: 777 ms (umbral: 700 ms)


锔 [WARNING] 2025-12-23 15:41:52

Ruta LENTA: Iniciar sesi贸n
Usuario: an贸nimo
Detalle: POST /
Tiempo: 570 ms (umbral: 300 ms)


 [CRITICAL] 2025-12-23 15:43:08

Ruta MUY LENTA: Iniciar sesi贸n
Usuario: admin
Detalle: POST /
Tiempo: 4222 ms (umbral: 700 ms)


 [CRITICAL] 2025-12-23 15:43:42

Ruta MUY LENTA: Ver panel principal
Usuario: admin
Detalle: GET /dashboard
Tiempo: 33179 ms (umbral: 700 ms)


 [CRITICAL] 2025-12-23 15:43:42

Ruta MUY LENTA: Ver panel principal
Usuario: admin
Detalle: GET /dashboard
Tiempo: 16231 ms (umbral: 700 ms)


锔 [WARNING] 2025-12-23 15:49:36

Ruta LENTA: Iniciar sesi贸n
Usuario: admin
Detalle: POST /
Tiempo: 358 ms (umbral: 300 ms)


锔 [WARNING] 2025-12-23 15:54:50

Ruta LENTA: Ver panel principal
Usuario: admin
Detalle: GET /dashboard
Tiempo: 653 ms (umbral: 300 ms)


锔 [WARNING] 2025-12-23 15:54:54

Ruta LENTA: Ver panel principal
Usuario: admin
Detalle: GET /dashboard
Tiempo: 506 ms (umbral: 300 ms)


 [CRITICAL] 2025-12-23 15:59:21

Ruta MUY LENTA: Ver panel principal
Usuario: admin
Detalle: GET /dashboard
Tiempo: 19922 ms (umbral: 700 ms)


 [CRITICAL] 2025-12-23 15:59:21

Ruta MUY LENTA: Ver panel principal
Usuario: admin
Detalle: GET /dashboard
Tiempo: 19936 ms (umbral: 700 ms)


锔 [WARNING] 2025-12-23 16:01:09

Ruta LENTA: GET /
Usuario: an贸nimo
Detalle: GET /
Tiempo: 537 ms (umbral: 300 ms)


锔 [WARNING] 2025-12-23 16:01:17

Ruta LENTA: Iniciar sesi贸n
Usuario: china
Detalle: POST /
Tiempo: 352 ms (umbral: 300 ms)


 [CRITICAL] 2025-12-23 17:27:21

Ruta MUY LENTA: Ver ventas
Usuario: admin
Detalle: GET /sales
Tiempo: 1758 ms (umbral: 700 ms)


 [CRITICAL] 2025-12-23 17:27:38

Ruta MUY LENTA: Ver estad铆sticas
Usuario: admin
Detalle: GET /sales/stats
Tiempo: 901 ms (umbral: 700 ms)


 [CRITICAL] 2025-12-23 17:35:13

Ruta MUY LENTA: Iniciar sesi贸n
Usuario: china
Detalle: POST /
Tiempo: 1368 ms (umbral: 700 ms)


锔 [WARNING] 2025-12-23 18:02:40

Ruta LENTA: Ver panel principal
Usuario: china
Detalle: GET /dashboard
Tiempo: 491 ms (umbral: 300 ms)


 [CRITICAL] 2025-12-23 18:03:21

Ruta MUY LENTA: Ver ventas
Usuario: china
Detalle: GET /sales
Tiempo: 28908 ms (umbral: 700 ms)


 [CRITICAL] 2025-12-23 18:04:06

Ruta MUY LENTA: GET /
Usuario: china
Detalle: GET /
Tiempo: 39567 ms (umbral: 700 ms)


 [CRITICAL] 2025-12-23 18:04:06

Ruta MUY LENTA: GET /
Usuario: china
Detalle: GET /
Tiempo: 46079 ms (umbral: 700 ms)


锔 [WARNING] 2025-12-23 18:07:55

Ruta LENTA: GET /
Usuario: china
Detalle: GET /
Tiempo: 521 ms (umbral: 300 ms)


 [CRITICAL] 2025-12-23 18:08:03

Ruta MUY LENTA: Iniciar sesi贸n
Usuario: china
Detalle: POST /
Tiempo: 1582 ms (umbral: 700 ms)


 [CRITICAL] 2025-12-23 18:08:17

Ruta MUY LENTA: GET /china
Usuario: china
Detalle: GET /china
Tiempo: 7992 ms (umbral: 700 ms)


 [CRITICAL] 2025-12-23 18:25:55

Ruta MUY LENTA: Ver boleta
Usuario: china
Detalle: GET /receipt/R0074
Tiempo: 4646 ms (umbral: 700 ms)


锔 [WARNING] 2025-12-23 18:27:42

Ruta LENTA: Iniciar sesi贸n
Usuario: china
Detalle: POST /
Tiempo: 692 ms (umbral: 300 ms)


锔 [WARNING] 2025-12-23 18:42:09

Ruta LENTA: Ver ventas
Usuario: china
Detalle: GET /sales
Tiempo: 359 ms (umbral: 300 ms)


锔 [WARNING] 2025-12-23 19:35:45

Ruta LENTA: GET /
Usuario: china
Detalle: GET /
Tiempo: 477 ms (umbral: 300 ms)


 [CRITICAL] 2025-12-23 19:35:54

Ruta MUY LENTA: Iniciar sesi贸n
Usuario: china
Detalle: POST /
Tiempo: 1026 ms (umbral: 700 ms)


 [CRITICAL] 2025-12-23 19:35:55

Ruta MUY LENTA: Ver panel principal
Usuario: china
Detalle: GET /dashboard
Tiempo: 796 ms (umbral: 700 ms)


 [CRITICAL] 2025-12-23 19:40:03

Ruta MUY LENTA: GET /stats/profit
Usuario: china
Detalle: GET /stats/profit
Tiempo: 3424 ms (umbral: 700 ms)


锔 [WARNING] 2025-12-23 19:40:12

Ruta LENTA: Ver estad铆sticas
Usuario: china
Detalle: GET /sales/stats
Tiempo: 361 ms (umbral: 300 ms)


 [CRITICAL] 2025-12-23 19:40:26

Ruta MUY LENTA: Ver registro de actividad
Usuario: china
Detalle: GET /audit
Tiempo: 4941 ms (umbral: 700 ms)


 [CRITICAL] 2025-12-23 20:16:34

Ruta MUY LENTA: GET /
Usuario: an贸nimo
Detalle: GET /
Tiempo: 709 ms (umbral: 700 ms)


 [CRITICAL] 2025-12-23 20:16:55

Ruta MUY LENTA: Iniciar sesi贸n
Usuario: an贸nimo
Detalle: POST /
Tiempo: 1021 ms (umbral: 700 ms)


锔 [WARNING] 2025-12-23 20:17:04

Ruta LENTA: Ver panel principal
Usuario: china
Detalle: GET /dashboard
Tiempo: 402 ms (umbral: 300 ms)


 [CRITICAL] 2025-12-23 20:31:19

Ruta MUY LENTA: GET /
Usuario: an贸nimo
Detalle: GET /
Tiempo: 2465 ms (umbral: 700 ms)


锔 [WARNING] 2025-12-23 20:31:30

Ruta LENTA: Iniciar sesi贸n
Usuario: an贸nimo
Detalle: POST /
Tiempo: 373 ms (umbral: 300 ms)


 [CRITICAL] 2025-12-23 20:31:39

Ruta MUY LENTA: Iniciar sesi贸n
Usuario: china
Detalle: POST /
Tiempo: 1248 ms (umbral: 700 ms)


锔 [WARNING] 2025-12-23 20:31:39

Ruta LENTA: Ver panel principal
Usuario: china
Detalle: GET /dashboard
Tiempo: 539 ms (umbral: 300 ms)


 [CRITICAL] 2025-12-23 20:31:48

Ruta MUY LENTA: Ver ventas
Usuario: china
Detalle: GET /sales
Tiempo: 1272 ms (umbral: 700 ms)


 [CRITICAL] 2025-12-23 20:54:16

Ruta MUY LENTA: Ver panel principal
Usuario: china
Detalle: GET /dashboard
Tiempo: 1588 ms (umbral: 700 ms)


 [CRITICAL] 2025-12-23 20:54:53

Ruta MUY LENTA: GET /china
Usuario: china
Detalle: GET /china
Tiempo: 2744 ms (umbral: 700 ms)


 [CRITICAL] 2025-12-23 20:59:51

Ruta MUY LENTA: GET /
Usuario: china
Detalle: GET /
Tiempo: 1437 ms (umbral: 700 ms)


锔 [WARNING] 2025-12-23 21:00:11

Ruta LENTA: GET /favicon.ico
Usuario: china
Detalle: GET /favicon.ico
Tiempo: 474 ms (umbral: 300 ms)


 [CRITICAL] 2025-12-23 21:00:49

Ruta MUY LENTA: Iniciar sesi贸n
Usuario: china
Detalle: POST /
Tiempo: 1156 ms (umbral: 700 ms)


锔 [WARNING] 2025-12-23 21:00:49

Ruta LENTA: Ver panel principal
Usuario: china
Detalle: GET /dashboard
Tiempo: 405 ms (umbral: 300 ms)


锔 [WARNING] 2025-12-24 10:24:56

Ruta LENTA: Ver panel principal
Usuario: china
Detalle: GET /dashboard
Tiempo: 386 ms (umbral: 300 ms)


 [CRITICAL] 2025-12-24 10:26:22

Ruta MUY LENTA: POST /china/role
Usuario: china
Detalle: POST /china/role
Tiempo: 1181 ms (umbral: 700 ms)


 [CRITICAL] 2025-12-24 10:34:09

Ruta MUY LENTA: Ver panel principal
Usuario: china
Detalle: GET /dashboard
Tiempo: 757 ms (umbral: 700 ms)


 [CRITICAL] 2025-12-24 10:34:18

Ruta MUY LENTA: Ver registro de actividad
Usuario: china
Detalle: GET /audit
Tiempo: 3369 ms (umbral: 700 ms)


锔 [WARNING] 2025-12-24 10:34:26

Ruta LENTA: Ver configuraci贸n
Usuario: china
Detalle: GET /settings
Tiempo: 683 ms (umbral: 300 ms)


 [CRITICAL] 2025-12-24 10:57:31

Ruta MUY LENTA: Ver ventas
Usuario: china
Detalle: GET /sales
Tiempo: 4821 ms (umbral: 700 ms)


 [CRITICAL] 2025-12-24 11:20:51

Ruta MUY LENTA: Ver panel principal
Usuario: china
Detalle: GET /dashboard
Tiempo: 715 ms (umbral: 700 ms)


 [CRITICAL] 2025-12-24 11:44:48

Ruta MUY LENTA: GET /china
Usuario: china
Detalle: GET /china
Tiempo: 777 ms (umbral: 700 ms)


 [CRITICAL] 2025-12-24 11:56:03

Ruta MUY LENTA: GET /
Usuario: china
Detalle: GET /
Tiempo: 1391 ms (umbral: 700 ms)


 [CRITICAL] 2025-12-24 12:23:05

Ruta MUY LENTA: Iniciar sesi贸n
Usuario: china
Detalle: POST /
Tiempo: 1000 ms (umbral: 700 ms)


 [CRITICAL] 2025-12-24 12:23:05

Ruta MUY LENTA: Iniciar sesi贸n
Usuario: china
Detalle: POST /
Tiempo: 5848 ms (umbral: 700 ms)


 [CRITICAL] 2025-12-24 12:23:05

Ruta MUY LENTA: Iniciar sesi贸n
Usuario: china
Detalle: POST /
Tiempo: 8469 ms (umbral: 700 ms)


 [CRITICAL] 2025-12-24 12:23:06

Ruta MUY LENTA: Iniciar sesi贸n
Usuario: china
Detalle: POST /
Tiempo: 9020 ms (umbral: 700 ms)


 [CRITICAL] 2025-12-24 12:23:06

Ruta MUY LENTA: Iniciar sesi贸n
Usuario: china
Detalle: POST /
Tiempo: 5935 ms (umbral: 700 ms)


 [CRITICAL] 2025-12-24 12:23:08

Ruta MUY LENTA: Iniciar sesi贸n
Usuario: china
Detalle: POST /
Tiempo: 6103 ms (umbral: 700 ms)


 [CRITICAL] 2025-12-24 12:23:08

Ruta MUY LENTA: Iniciar sesi贸n
Usuario: china
Detalle: POST /
Tiempo: 9772 ms (umbral: 700 ms)


 [CRITICAL] 2025-12-24 12:23:10

Ruta MUY LENTA: Iniciar sesi贸n
Usuario: china
Detalle: POST /
Tiempo: 6891 ms (umbral: 700 ms)


 [CRITICAL] 2025-12-24 12:23:13

Ruta MUY LENTA: GET /
Usuario: china
Detalle: GET /
Tiempo: 16884 ms (umbral: 700 ms)


 [CRITICAL] 2025-12-24 12:23:13

Ruta MUY LENTA: GET /
Usuario: china
Detalle: GET /
Tiempo: 17297 ms (umbral: 700 ms)


 [CRITICAL] 2025-12-24 12:23:13

Ruta MUY LENTA: GET /
Usuario: china
Detalle: GET /
Tiempo: 17321 ms (umbral: 700 ms)


锔 [WARNING] 2025-12-24 12:23:53

Ruta LENTA: GET /
Usuario: china
Detalle: GET /
Tiempo: 320 ms (umbral: 300 ms)


 [CRITICAL] 2025-12-24 12:24:39

Ruta MUY LENTA: GET /china
Usuario: china
Detalle: GET /china
Tiempo: 48482 ms (umbral: 700 ms)


 [CRITICAL] 2025-12-24 12:24:39

Ruta MUY LENTA: Ver panel principal
Usuario: china
Detalle: GET /dashboard
Tiempo: 101566 ms (umbral: 700 ms)


锔 [WARNING] 2025-12-24 12:25:31

Ruta LENTA: GET /china
Usuario: china
Detalle: GET /china
Tiempo: 453 ms (umbral: 300 ms)


锔 [WARNING] 2025-12-24 14:01:54

Ruta LENTA: Iniciar sesi贸n
Usuario: china
Detalle: POST /
Tiempo: 353 ms (umbral: 300 ms)

