
锔 [LENTO] 2025-12-23 15:41:05
Funci贸n: Cargar inventario
Tiempo: 470 ms


 [CRTICO] 2025-12-23 15:43:07
Funci贸n: Cargar auditor铆a
Tiempo: 4000 ms


 [CRTICO] 2025-12-23 15:43:07
Funci贸n: Registrar auditor铆a
Tiempo: 4145 ms


 [CRTICO] 2025-12-23 18:03:04
Funci贸n: Cargar ventas
Tiempo: 11284 ms


锔 [LENTO] 2025-12-23 20:31:38
Funci贸n: Cargar auditor铆a
Tiempo: 316 ms


 [CRTICO] 2025-12-23 20:31:39
Funci贸n: Registrar auditor铆a
Tiempo: 1171 ms


 [CRTICO] 2025-12-23 20:31:47
Funci贸n: Cargar ventas
Tiempo: 1029 ms


锔 [LENTO] 2025-12-24 10:26:22
Funci贸n: Cargar auditor铆a
Tiempo: 382 ms


锔 [LENTO] 2025-12-24 10:26:22
Funci贸n: Registrar auditor铆a
Tiempo: 520 ms


 [CRTICO] 2025-12-24 10:57:27
Funci贸n: Cargar ventas
Tiempo: 1186 ms

