ENTER add_sale_payment receipt=R0043 user=admin amt_raw=1.00 amt_parsed=1.0 method=Efectivo
APPLIED payment receipt=R0043 payments_count=1 paid_amount=1.0 pending=1.5
SAVED sales.json for receipt=R0043
ENTER add_sale_payment receipt=R0045 user=admin amt_raw=1.00 amt_parsed=1.0 method=Efectivo
APPLIED payment receipt=R0045 payments_count=1 paid_amount=1.0 pending=1.5
SAVED sales.json for receipt=R0045
ENTER add_sale_payment receipt=R0047 user=admin amt_raw=1.00 amt_parsed=1.0 method=Efectivo
APPLIED payment receipt=R0047 payments_count=1 paid_amount=1.0 pending=1.5
SAVED sales.json for receipt=R0047
ENTER add_sale_payment receipt=R0048 user=admin amt_raw=1.00 amt_parsed=1.0 method=Efectivo
APPLIED payment receipt=R0048 payments_count=1 paid_amount=1.0 pending=1.5
SAVED sales.json for receipt=R0048
ENTER add_sale_payment receipt=R0048 user=admin amt_raw=1.5 amt_parsed=1.5 method=Efectivo
APPLIED payment receipt=R0048 payments_count=2 paid_amount=2.5 pending=0.0
SAVED sales.json for receipt=R0048
ENTER add_sale_payment receipt=R0051 user=china amt_raw=10 amt_parsed=10.0 method=Efectivo
APPLIED payment receipt=R0051 payments_count=1 paid_amount=10.0 pending=90.0
SAVED sales.json for receipt=R0051
ENTER add_sale_payment receipt=R0051 user=china amt_raw=90 amt_parsed=90.0 method=Efectivo
APPLIED payment receipt=R0051 payments_count=2 paid_amount=100.0 pending=0.0
SAVED sales.json for receipt=R0051
ENTER add_sale_payment receipt=R0050 user=china amt_raw=10 amt_parsed=10.0 method=Efecti5vo
APPLIED payment receipt=R0050 payments_count=1 paid_amount=10.0 pending=0.0
SAVED sales.json for receipt=R0050
ENTER add_sale_payment receipt=R0047 user=china amt_raw=1 amt_parsed=1.0 method=Efectivo
APPLIED payment receipt=R0047 payments_count=2 paid_amount=2.0 pending=0.5
SAVED sales.json for receipt=R0047
ENTER add_sale_payment receipt=R0052 user=china amt_raw=10 amt_parsed=10.0 method=Efectivo
APPLIED payment receipt=R0052 payments_count=1 paid_amount=10.0 pending=10.0
SAVED sales.json for receipt=R0052
ENTER add_sale_payment receipt=R0052 user=china amt_raw=10 amt_parsed=10.0 method=Efectivo
APPLIED payment receipt=R0052 payments_count=2 paid_amount=20.0 pending=0.0
SAVED sales.json for receipt=R0052
ENTER add_sale_payment receipt=R0047 user=china amt_raw=0.5 amt_parsed=0.5 method=Efectivo
APPLIED payment receipt=R0047 payments_count=3 paid_amount=2.5 pending=0.0
SAVED sales.json for receipt=R0047
ENTER add_sale_payment receipt=R0055 user=china amt_raw=10 amt_parsed=10.0 method=Yape
APPLIED payment receipt=R0055 payments_count=1 paid_amount=10.0 pending=10.0
SAVED sales.json for receipt=R0055
ENTER add_sale_payment receipt=R0055 user=china amt_raw=10 amt_parsed=10.0 method=Transferencia
APPLIED payment receipt=R0055 payments_count=2 paid_amount=20.0 pending=0.0
SAVED sales.json for receipt=R0055
ENTER add_sale_payment receipt=R0068 user=china amt_raw=50 amt_parsed=50.0 method=Efectivo
APPLIED payment receipt=R0068 payments_count=1 paid_amount=50.0 pending=50.0
SAVED sales.json for receipt=R0068
ENTER add_sale_payment receipt=R0069 user=china amt_raw=200 amt_parsed=200.0 method=Efectivo
APPLIED payment receipt=R0069 payments_count=1 paid_amount=200.0 pending=0.0
SAVED sales.json for receipt=R0069
